[2025-09-04T09:49:38.811Z] [Canvas] Iniciando generación de card (últimos 5 registrados)
[2025-09-04T09:49:38.880Z] [Canvas] Avatar OK 23596B en 55ms – https://cdn.discordapp.com/avatars/1044774334113271828/e355de29e2de9a0eca93a33fe0551509.png?size=128
[2025-09-04T09:49:38.883Z] [Canvas] Avatar OK 34463B en 68ms – https://cdn.discordapp.com/avatars/335236507340111873/cc7255a390a6681efb9597a397fe05ab.png?size=128
[2025-09-04T09:49:38.885Z] [Canvas] Avatar OK 33332B en 65ms – https://cdn.discordapp.com/avatars/755162605806420029/53e86de272f5f2c087ce769a98fb9c7b.png?size=128
[2025-09-04T09:49:38.885Z] [Canvas] Imagen decodificada en 64ms
[2025-09-04T09:49:38.886Z] [Canvas] Imagen decodificada en 72ms
[2025-09-04T09:49:38.888Z] [Canvas] Imagen decodificada en 69ms
[2025-09-04T09:49:38.890Z] [Canvas] Avatar OK 19830B en 71ms – https://cdn.discordapp.com/avatars/832694285035372595/0df93f38e17b1db11473a25d84e94c7a.png?size=128
[2025-09-04T09:49:38.890Z] [Canvas] Imagen decodificada en 72ms
[2025-09-04T09:49:38.895Z] [Canvas] Avatar OK 37976B en 72ms – https://cdn.discordapp.com/avatars/304790336587169795/6798afd271b4729ae4a16dadb17c6ad9.png?size=128
[2025-09-04T09:49:38.895Z] [Canvas] Imagen decodificada en 75ms
[2025-09-04T09:49:38.914Z] [Canvas] Avatar OK 6868B en 28ms – https://cdn.discordapp.com/emojis/1406723933608083599.png?size=64
[2025-09-04T09:49:38.922Z] [Canvas] Avatar OK 10668B en 33ms – https://cdn.discordapp.com/emojis/1406723955682705418.png?size=64
[2025-09-04T09:49:38.923Z] [Canvas] Avatar OK 10668B en 32ms – https://cdn.discordapp.com/emojis/1406723955682705418.png?size=64
[2025-09-04T09:49:38.926Z] [Canvas] Avatar OK 9547B en 30ms – https://cdn.discordapp.com/emojis/1406723982887223416.png?size=64
[2025-09-04T09:49:38.944Z] [Canvas] Avatar OK 10109B en 58ms – https://cdn.discordapp.com/emojis/1406723943787925546.png?size=64
[2025-09-04T09:49:38.964Z] [Canvas] Card generado: ok=5 error=0 | encode=15ms | total=153ms
[2025-09-04T09:50:38.258Z] [Canvas] Iniciando generación de card (últimos 5 registrados)
[2025-09-04T09:50:38.319Z] [Canvas] Avatar OK 19830B en 58ms – https://cdn.discordapp.com/avatars/832694285035372595/0df93f38e17b1db11473a25d84e94c7a.png?size=128
[2025-09-04T09:50:38.320Z] [Canvas] Imagen decodificada en 60ms
[2025-09-04T09:50:38.323Z] [Canvas] Avatar OK 23596B en 61ms – https://cdn.discordapp.com/avatars/1044774334113271828/e355de29e2de9a0eca93a33fe0551509.png?size=128
[2025-09-04T09:50:38.324Z] [Canvas] Imagen decodificada en 62ms
[2025-09-04T09:50:38.328Z] [Canvas] Avatar OK 33332B en 66ms – https://cdn.discordapp.com/avatars/755162605806420029/53e86de272f5f2c087ce769a98fb9c7b.png?size=128
[2025-09-04T09:50:38.328Z] [Canvas] Imagen decodificada en 68ms
[2025-09-04T09:50:38.339Z] [Canvas] Avatar OK 37976B en 73ms – https://cdn.discordapp.com/avatars/304790336587169795/6798afd271b4729ae4a16dadb17c6ad9.png?size=128
[2025-09-04T09:50:38.339Z] [Canvas] Imagen decodificada en 78ms
[2025-09-04T09:50:38.348Z] [Canvas] Avatar OK 10668B en 28ms – https://cdn.discordapp.com/emojis/1406723955682705418.png?size=64
[2025-09-04T09:50:38.355Z] [Canvas] Avatar OK 6868B en 30ms – https://cdn.discordapp.com/emojis/1406723933608083599.png?size=64
[2025-09-04T09:50:38.356Z] [Canvas] Avatar OK 34463B en 96ms – https://cdn.discordapp.com/avatars/335236507340111873/cc7255a390a6681efb9597a397fe05ab.png?size=128
[2025-09-04T09:50:38.357Z] [Canvas] Imagen decodificada en 98ms
[2025-09-04T09:50:38.358Z] [Canvas] Avatar OK 10668B en 29ms – https://cdn.discordapp.com/emojis/1406723955682705418.png?size=64
[2025-09-04T09:50:38.372Z] [Canvas] Avatar OK 9547B en 32ms – https://cdn.discordapp.com/emojis/1406723982887223416.png?size=64
[2025-09-04T09:50:38.396Z] [Canvas] Avatar OK 10109B en 38ms – https://cdn.discordapp.com/emojis/1406723943787925546.png?size=64
[2025-09-04T09:50:38.414Z] [Canvas] Card generado: ok=5 error=0 | encode=15ms | total=156ms
[2025-09-04T09:52:12.272Z] [Canvas] Iniciando generación de card (últimos 5 registrados)
[2025-09-04T09:52:12.335Z] [Canvas] Avatar OK 34463B en 57ms – https://cdn.discordapp.com/avatars/335236507340111873/cc7255a390a6681efb9597a397fe05ab.png?size=128
[2025-09-04T09:52:12.336Z] [Canvas] Imagen decodificada en 62ms
[2025-09-04T09:52:12.341Z] [Canvas] Avatar OK 37976B en 59ms – https://cdn.discordapp.com/avatars/304790336587169795/6798afd271b4729ae4a16dadb17c6ad9.png?size=128
[2025-09-04T09:52:12.342Z] [Canvas] Avatar OK 33332B en 63ms – https://cdn.discordapp.com/avatars/755162605806420029/53e86de272f5f2c087ce769a98fb9c7b.png?size=128
[2025-09-04T09:52:12.344Z] [Canvas] Avatar OK 23596B en 62ms – https://cdn.discordapp.com/avatars/1044774334113271828/e355de29e2de9a0eca93a33fe0551509.png?size=128
[2025-09-04T09:52:12.344Z] [Canvas] Imagen decodificada en 64ms
[2025-09-04T09:52:12.345Z] [Canvas] Imagen decodificada en 66ms
[2025-09-04T09:52:12.346Z] [Canvas] Imagen decodificada en 65ms
[2025-09-04T09:52:12.351Z] [Canvas] Avatar OK 19830B en 72ms – https://cdn.discordapp.com/avatars/832694285035372595/0df93f38e17b1db11473a25d84e94c7a.png?size=128
[2025-09-04T09:52:12.351Z] [Canvas] Imagen decodificada en 73ms
[2025-09-04T09:52:12.361Z] [Canvas] Avatar OK 10109B en 24ms – https://cdn.discordapp.com/emojis/1406723943787925546.png?size=64
[2025-09-04T09:52:12.370Z] [Canvas] Avatar OK 9547B en 25ms – https://cdn.discordapp.com/emojis/1406723982887223416.png?size=64
[2025-09-04T09:52:12.372Z] [Canvas] Avatar OK 6868B en 25ms – https://cdn.discordapp.com/emojis/1406723933608083599.png?size=64
[2025-09-04T09:52:12.387Z] [Canvas] Avatar OK 10668B en 35ms – https://cdn.discordapp.com/emojis/1406723955682705418.png?size=64
[2025-09-04T09:52:12.394Z] [Canvas] Avatar OK 10668B en 48ms – https://cdn.discordapp.com/emojis/1406723955682705418.png?size=64
[2025-09-04T09:52:12.414Z] [Canvas] Card generado: ok=5 error=0 | encode=15ms | total=142ms
[2025-09-04T09:53:11.838Z] [Canvas] Iniciando generación de card (últimos 5 registrados)
[2025-09-04T09:53:11.893Z] [Canvas] Avatar OK 19830B en 53ms – https://cdn.discordapp.com/avatars/832694285035372595/0df93f38e17b1db11473a25d84e94c7a.png?size=128
[2025-09-04T09:53:11.894Z] [Canvas] Imagen decodificada en 54ms
[2025-09-04T09:53:11.904Z] [Canvas] Avatar OK 33332B en 63ms – https://cdn.discordapp.com/avatars/755162605806420029/53e86de272f5f2c087ce769a98fb9c7b.png?size=128
[2025-09-04T09:53:11.905Z] [Canvas] Imagen decodificada en 65ms
[2025-09-04T09:53:11.909Z] [Canvas] Avatar OK 34463B en 68ms – https://cdn.discordapp.com/avatars/335236507340111873/cc7255a390a6681efb9597a397fe05ab.png?size=128
[2025-09-04T09:53:11.911Z] [Canvas] Avatar OK 37976B en 69ms – https://cdn.discordapp.com/avatars/304790336587169795/6798afd271b4729ae4a16dadb17c6ad9.png?size=128
[2025-09-04T09:53:11.911Z] [Canvas] Imagen decodificada en 72ms
[2025-09-04T09:53:11.912Z] [Canvas] Imagen decodificada en 71ms
[2025-09-04T09:53:11.916Z] [Canvas] Avatar OK 23596B en 73ms – https://cdn.discordapp.com/avatars/1044774334113271828/e355de29e2de9a0eca93a33fe0551509.png?size=128
[2025-09-04T09:53:11.916Z] [Canvas] Imagen decodificada en 75ms
[2025-09-04T09:53:11.919Z] [Canvas] Avatar OK 10668B en 24ms – https://cdn.discordapp.com/emojis/1406723955682705418.png?size=64
[2025-09-04T09:53:11.936Z] [Canvas] Avatar OK 10668B en 30ms – https://cdn.discordapp.com/emojis/1406723955682705418.png?size=64
[2025-09-04T09:53:11.940Z] [Canvas] Avatar OK 10109B en 29ms – https://cdn.discordapp.com/emojis/1406723943787925546.png?size=64
[2025-09-04T09:53:11.941Z] [Canvas] Avatar OK 9547B en 29ms – https://cdn.discordapp.com/emojis/1406723982887223416.png?size=64
[2025-09-04T09:53:11.950Z] [Canvas] Avatar OK 6868B en 33ms – https://cdn.discordapp.com/emojis/1406723933608083599.png?size=64
[2025-09-04T09:53:11.968Z] [Canvas] Card generado: ok=5 error=0 | encode=15ms | total=130ms
[2025-09-04T09:54:11.595Z] [Canvas] Iniciando generación de card (últimos 5 registrados)
[2025-09-04T09:54:11.648Z] [Canvas] Avatar OK 23596B en 46ms – https://cdn.discordapp.com/avatars/1044774334113271828/e355de29e2de9a0eca93a33fe0551509.png?size=128
[2025-09-04T09:54:11.649Z] [Canvas] Imagen decodificada en 48ms
[2025-09-04T09:54:11.652Z] [Canvas] Avatar OK 37976B en 50ms – https://cdn.discordapp.com/avatars/304790336587169795/6798afd271b4729ae4a16dadb17c6ad9.png?size=128
[2025-09-04T09:54:11.652Z] [Canvas] Imagen decodificada en 53ms
[2025-09-04T09:54:11.659Z] [Canvas] Avatar OK 34463B en 61ms – https://cdn.discordapp.com/avatars/335236507340111873/cc7255a390a6681efb9597a397fe05ab.png?size=128
[2025-09-04T09:54:11.660Z] [Canvas] Avatar OK 19830B en 62ms – https://cdn.discordapp.com/avatars/832694285035372595/0df93f38e17b1db11473a25d84e94c7a.png?size=128
[2025-09-04T09:54:11.661Z] [Canvas] Imagen decodificada en 64ms
[2025-09-04T09:54:11.661Z] [Canvas] Imagen decodificada en 64ms
[2025-09-04T09:54:11.664Z] [Canvas] Avatar OK 33332B en 64ms – https://cdn.discordapp.com/avatars/755162605806420029/53e86de272f5f2c087ce769a98fb9c7b.png?size=128
[2025-09-04T09:54:11.665Z] [Canvas] Imagen decodificada en 66ms
[2025-09-04T09:54:11.681Z] [Canvas] Avatar OK 9547B en 28ms – https://cdn.discordapp.com/emojis/1406723982887223416.png?size=64
[2025-09-04T09:54:11.682Z] [Canvas] Avatar OK 6868B en 33ms – https://cdn.discordapp.com/emojis/1406723933608083599.png?size=64
[2025-09-04T09:54:11.692Z] [Canvas] Avatar OK 10109B en 31ms – https://cdn.discordapp.com/emojis/1406723943787925546.png?size=64
[2025-09-04T09:54:11.698Z] [Canvas] Avatar OK 10668B en 33ms – https://cdn.discordapp.com/emojis/1406723955682705418.png?size=64
[2025-09-04T09:54:11.701Z] [Canvas] Avatar OK 10668B en 39ms – https://cdn.discordapp.com/emojis/1406723955682705418.png?size=64
[2025-09-04T09:54:11.718Z] [Canvas] Card generado: ok=5 error=0 | encode=15ms | total=123ms
[2025-09-04T09:55:11.689Z] [Canvas] Iniciando generación de card (últimos 5 registrados)
[2025-09-04T09:55:11.745Z] [Canvas] Avatar OK 23596B en 48ms – https://cdn.discordapp.com/avatars/1044774334113271828/e355de29e2de9a0eca93a33fe0551509.png?size=128
[2025-09-04T09:55:11.746Z] [Canvas] Imagen decodificada en 50ms
[2025-09-04T09:55:11.750Z] [Canvas] Avatar OK 19830B en 57ms – https://cdn.discordapp.com/avatars/832694285035372595/0df93f38e17b1db11473a25d84e94c7a.png?size=128
[2025-09-04T09:55:11.750Z] [Canvas] Imagen decodificada en 59ms
[2025-09-04T09:55:11.753Z] [Canvas] Avatar OK 33332B en 59ms – https://cdn.discordapp.com/avatars/755162605806420029/53e86de272f5f2c087ce769a98fb9c7b.png?size=128
[2025-09-04T09:55:11.756Z] [Canvas] Imagen decodificada en 63ms
[2025-09-04T09:55:11.757Z] [Canvas] Avatar OK 37976B en 60ms – https://cdn.discordapp.com/avatars/304790336587169795/6798afd271b4729ae4a16dadb17c6ad9.png?size=128
[2025-09-04T09:55:11.760Z] [Canvas] Avatar OK 34463B en 68ms – https://cdn.discordapp.com/avatars/335236507340111873/cc7255a390a6681efb9597a397fe05ab.png?size=128
[2025-09-04T09:55:11.760Z] [Canvas] Imagen decodificada en 66ms
[2025-09-04T09:55:11.761Z] [Canvas] Imagen decodificada en 71ms
[2025-09-04T09:55:11.774Z] [Canvas] Avatar OK 6868B en 28ms – https://cdn.discordapp.com/emojis/1406723933608083599.png?size=64
[2025-09-04T09:55:11.778Z] [Canvas] Avatar OK 10668B en 27ms – https://cdn.discordapp.com/emojis/1406723955682705418.png?size=64
[2025-09-04T09:55:11.782Z] [Canvas] Avatar OK 10668B en 25ms – https://cdn.discordapp.com/emojis/1406723955682705418.png?size=64
[2025-09-04T09:55:11.793Z] [Canvas] Avatar OK 10109B en 32ms – https://cdn.discordapp.com/emojis/1406723943787925546.png?size=64
[2025-09-04T09:55:11.801Z] [Canvas] Avatar OK 9547B en 40ms – https://cdn.discordapp.com/emojis/1406723982887223416.png?size=64
[2025-09-04T09:55:11.821Z] [Canvas] Card generado: ok=5 error=0 | encode=17ms | total=131ms
[2025-09-04T09:56:11.661Z] [Canvas] Iniciando generación de card (últimos 5 registrados)
[2025-09-04T09:56:11.714Z] [Canvas] Avatar OK 33332B en 50ms – https://cdn.discordapp.com/avatars/755162605806420029/53e86de272f5f2c087ce769a98fb9c7b.png?size=128
[2025-09-04T09:56:11.715Z] [Canvas] Imagen decodificada en 52ms
[2025-09-04T09:56:11.724Z] [Canvas] Avatar OK 37976B en 59ms – https://cdn.discordapp.com/avatars/304790336587169795/6798afd271b4729ae4a16dadb17c6ad9.png?size=128
[2025-09-04T09:56:11.725Z] [Canvas] Avatar OK 19830B en 62ms – https://cdn.discordapp.com/avatars/832694285035372595/0df93f38e17b1db11473a25d84e94c7a.png?size=128
[2025-09-04T09:56:11.726Z] [Canvas] Avatar OK 34463B en 63ms – https://cdn.discordapp.com/avatars/335236507340111873/cc7255a390a6681efb9597a397fe05ab.png?size=128
[2025-09-04T09:56:11.728Z] [Canvas] Avatar OK 23596B en 63ms – https://cdn.discordapp.com/avatars/1044774334113271828/e355de29e2de9a0eca93a33fe0551509.png?size=128
[2025-09-04T09:56:11.728Z] [Canvas] Imagen decodificada en 64ms
[2025-09-04T09:56:11.728Z] [Canvas] Imagen decodificada en 65ms
[2025-09-04T09:56:11.730Z] [Canvas] Imagen decodificada en 67ms
[2025-09-04T09:56:11.732Z] [Canvas] Imagen decodificada en 67ms
[2025-09-04T09:56:11.741Z] [Canvas] Avatar OK 10668B en 26ms – https://cdn.discordapp.com/emojis/1406723955682705418.png?size=64
[2025-09-04T09:56:11.754Z] [Canvas] Avatar OK 9547B en 26ms – https://cdn.discordapp.com/emojis/1406723982887223416.png?size=64
[2025-09-04T09:56:11.760Z] [Canvas] Avatar OK 6868B en 28ms – https://cdn.discordapp.com/emojis/1406723933608083599.png?size=64
[2025-09-04T09:56:11.778Z] [Canvas] Avatar OK 10109B en 48ms – https://cdn.discordapp.com/emojis/1406723943787925546.png?size=64
[2025-09-04T09:56:11.785Z] [Canvas] Avatar OK 10668B en 57ms – https://cdn.discordapp.com/emojis/1406723955682705418.png?size=64
[2025-09-04T09:56:11.803Z] [Canvas] Card generado: ok=5 error=0 | encode=15ms | total=142ms
[2025-09-04T09:57:27.572Z] [Canvas] Iniciando generación de card (últimos 5 registrados)
[2025-09-04T09:57:27.621Z] [Canvas] Avatar OK 34463B en 48ms – https://cdn.discordapp.com/avatars/335236507340111873/cc7255a390a6681efb9597a397fe05ab.png?size=128
[2025-09-04T09:57:27.622Z] [Canvas] Imagen decodificada en 49ms
[2025-09-04T09:57:27.625Z] [Canvas] Avatar OK 23596B en 48ms – https://cdn.discordapp.com/avatars/1044774334113271828/e355de29e2de9a0eca93a33fe0551509.png?size=128
[2025-09-04T09:57:27.626Z] [Canvas] Imagen decodificada en 50ms
[2025-09-04T09:57:27.628Z] [Canvas] Avatar OK 19830B en 53ms – https://cdn.discordapp.com/avatars/832694285035372595/0df93f38e17b1db11473a25d84e94c7a.png?size=128
[2025-09-04T09:57:27.628Z] [Canvas] Imagen decodificada en 55ms
[2025-09-04T09:57:27.636Z] [Canvas] Avatar OK 37976B en 60ms – https://cdn.discordapp.com/avatars/304790336587169795/6798afd271b4729ae4a16dadb17c6ad9.png?size=128
[2025-09-04T09:57:27.637Z] [Canvas] Imagen decodificada en 62ms
[2025-09-04T09:57:27.641Z] [Canvas] Avatar OK 33332B en 65ms – https://cdn.discordapp.com/avatars/755162605806420029/53e86de272f5f2c087ce769a98fb9c7b.png?size=128
[2025-09-04T09:57:27.642Z] [Canvas] Imagen decodificada en 67ms
[2025-09-04T09:57:27.648Z] [Canvas] Avatar OK 10109B en 25ms – https://cdn.discordapp.com/emojis/1406723943787925546.png?size=64
[2025-09-04T09:57:27.650Z] [Canvas] Avatar OK 6868B en 24ms – https://cdn.discordapp.com/emojis/1406723933608083599.png?size=64
[2025-09-04T09:57:27.655Z] [Canvas] Avatar OK 10668B en 26ms – https://cdn.discordapp.com/emojis/1406723955682705418.png?size=64
[2025-09-04T09:57:27.666Z] [Canvas] Avatar OK 10668B en 24ms – https://cdn.discordapp.com/emojis/1406723955682705418.png?size=64
[2025-09-04T09:57:27.667Z] [Canvas] Avatar OK 9547B en 30ms – https://cdn.discordapp.com/emojis/1406723982887223416.png?size=64
[2025-09-04T09:57:27.685Z] [Canvas] Card generado: ok=5 error=0 | encode=15ms | total=114ms
[2025-09-04T09:58:11.614Z] [Canvas] Iniciando generación de card (últimos 5 registrados)
[2025-09-04T09:58:11.676Z] [Canvas] Avatar OK 33332B en 57ms – https://cdn.discordapp.com/avatars/755162605806420029/53e86de272f5f2c087ce769a98fb9c7b.png?size=128
[2025-09-04T09:58:11.677Z] [Canvas] Avatar OK 37976B en 58ms – https://cdn.discordapp.com/avatars/304790336587169795/6798afd271b4729ae4a16dadb17c6ad9.png?size=128
[2025-09-04T09:58:11.678Z] [Canvas] Imagen decodificada en 60ms
[2025-09-04T09:58:11.679Z] [Canvas] Imagen decodificada en 60ms
[2025-09-04T09:58:11.681Z] [Canvas] Avatar OK 34463B en 64ms – https://cdn.discordapp.com/avatars/335236507340111873/cc7255a390a6681efb9597a397fe05ab.png?size=128
[2025-09-04T09:58:11.682Z] [Canvas] Avatar OK 23596B en 62ms – https://cdn.discordapp.com/avatars/1044774334113271828/e355de29e2de9a0eca93a33fe0551509.png?size=128
[2025-09-04T09:58:11.683Z] [Canvas] Avatar OK 19830B en 66ms – https://cdn.discordapp.com/avatars/832694285035372595/0df93f38e17b1db11473a25d84e94c7a.png?size=128
[2025-09-04T09:58:11.683Z] [Canvas] Imagen decodificada en 68ms
[2025-09-04T09:58:11.684Z] [Canvas] Imagen decodificada en 64ms
[2025-09-04T09:58:11.684Z] [Canvas] Imagen decodificada en 67ms
[2025-09-04T09:58:11.708Z] [Canvas] Avatar OK 10668B en 30ms – https://cdn.discordapp.com/emojis/1406723955682705418.png?size=64
[2025-09-04T09:58:11.712Z] [Canvas] Avatar OK 9547B en 33ms – https://cdn.discordapp.com/emojis/1406723982887223416.png?size=64
[2025-09-04T09:58:11.715Z] [Canvas] Avatar OK 10668B en 30ms – https://cdn.discordapp.com/emojis/1406723955682705418.png?size=64
[2025-09-04T09:58:11.718Z] [Canvas] Avatar OK 6868B en 34ms – https://cdn.discordapp.com/emojis/1406723933608083599.png?size=64
[2025-09-04T09:58:11.719Z] [Canvas] Avatar OK 10109B en 35ms – https://cdn.discordapp.com/emojis/1406723943787925546.png?size=64
[2025-09-04T09:58:11.737Z] [Canvas] Card generado: ok=5 error=0 | encode=15ms | total=122ms
[2025-09-04T09:59:11.706Z] [Canvas] Iniciando generación de card (últimos 5 registrados)
[2025-09-04T09:59:11.763Z] [Canvas] Avatar OK 23596B en 53ms – https://cdn.discordapp.com/avatars/1044774334113271828/e355de29e2de9a0eca93a33fe0551509.png?size=128
[2025-09-04T09:59:11.764Z] [Canvas] Imagen decodificada en 54ms
[2025-09-04T09:59:11.766Z] [Canvas] Avatar OK 19830B en 58ms – https://cdn.discordapp.com/avatars/832694285035372595/0df93f38e17b1db11473a25d84e94c7a.png?size=128
[2025-09-04T09:59:11.767Z] [Canvas] Imagen decodificada en 59ms
[2025-09-04T09:59:11.769Z] [Canvas] Avatar OK 34463B en 61ms – https://cdn.discordapp.com/avatars/335236507340111873/cc7255a390a6681efb9597a397fe05ab.png?size=128
[2025-09-04T09:59:11.769Z] [Canvas] Imagen decodificada en 62ms
[2025-09-04T09:59:11.781Z] [Canvas] Avatar OK 33332B en 71ms – https://cdn.discordapp.com/avatars/755162605806420029/53e86de272f5f2c087ce769a98fb9c7b.png?size=128
[2025-09-04T09:59:11.782Z] [Canvas] Imagen decodificada en 73ms
[2025-09-04T09:59:11.786Z] [Canvas] Avatar OK 37976B en 76ms – https://cdn.discordapp.com/avatars/304790336587169795/6798afd271b4729ae4a16dadb17c6ad9.png?size=128
[2025-09-04T09:59:11.787Z] [Canvas] Imagen decodificada en 78ms
[2025-09-04T09:59:11.792Z] [Canvas] Avatar OK 6868B en 29ms – https://cdn.discordapp.com/emojis/1406723933608083599.png?size=64
[2025-09-04T09:59:11.794Z] [Canvas] Avatar OK 10668B en 27ms – https://cdn.discordapp.com/emojis/1406723955682705418.png?size=64
[2025-09-04T09:59:11.798Z] [Canvas] Avatar OK 10109B en 28ms – https://cdn.discordapp.com/emojis/1406723943787925546.png?size=64
[2025-09-04T09:59:11.821Z] [Canvas] Avatar OK 9547B en 34ms – https://cdn.discordapp.com/emojis/1406723982887223416.png?size=64
[2025-09-04T09:59:11.834Z] [Canvas] Avatar OK 10668B en 53ms – https://cdn.discordapp.com/emojis/1406723955682705418.png?size=64
[2025-09-04T09:59:11.852Z] [Canvas] Card generado: ok=5 error=0 | encode=15ms | total=146ms
[2025-09-04T10:00:11.811Z] [Canvas] Iniciando generación de card (últimos 5 registrados)
[2025-09-04T10:00:11.875Z] [Canvas] Avatar OK 34463B en 62ms – https://cdn.discordapp.com/avatars/335236507340111873/cc7255a390a6681efb9597a397fe05ab.png?size=128
[2025-09-04T10:00:11.876Z] [Canvas] Imagen decodificada en 64ms
[2025-09-04T10:00:11.878Z] [Canvas] Avatar OK 19830B en 63ms – https://cdn.discordapp.com/avatars/832694285035372595/0df93f38e17b1db11473a25d84e94c7a.png?size=128
[2025-09-04T10:00:11.879Z] [Canvas] Avatar OK 33332B en 61ms – https://cdn.discordapp.com/avatars/755162605806420029/53e86de272f5f2c087ce769a98fb9c7b.png?size=128
[2025-09-04T10:00:11.881Z] [Canvas] Avatar OK 37976B en 64ms – https://cdn.discordapp.com/avatars/304790336587169795/6798afd271b4729ae4a16dadb17c6ad9.png?size=128
[2025-09-04T10:00:11.881Z] [Canvas] Imagen decodificada en 67ms
[2025-09-04T10:00:11.882Z] [Canvas] Imagen decodificada en 67ms
[2025-09-04T10:00:11.882Z] [Canvas] Imagen decodificada en 67ms
[2025-09-04T10:00:11.884Z] [Canvas] Avatar OK 23596B en 67ms – https://cdn.discordapp.com/avatars/1044774334113271828/e355de29e2de9a0eca93a33fe0551509.png?size=128
[2025-09-04T10:00:11.885Z] [Canvas] Imagen decodificada en 68ms
[2025-09-04T10:00:11.906Z] [Canvas] Avatar OK 10109B en 30ms – https://cdn.discordapp.com/emojis/1406723943787925546.png?size=64
[2025-09-04T10:00:11.913Z] [Canvas] Avatar OK 9547B en 29ms – https://cdn.discordapp.com/emojis/1406723982887223416.png?size=64
[2025-09-04T10:00:11.914Z] [Canvas] Avatar OK 10668B en 32ms – https://cdn.discordapp.com/emojis/1406723955682705418.png?size=64
[2025-09-04T10:00:11.916Z] [Canvas] Avatar OK 6868B en 30ms – https://cdn.discordapp.com/emojis/1406723933608083599.png?size=64
[2025-09-04T10:00:11.919Z] [Canvas] Avatar OK 10668B en 37ms – https://cdn.discordapp.com/emojis/1406723955682705418.png?size=64
[2025-09-04T10:00:11.941Z] [Canvas] Card generado: ok=5 error=0 | encode=19ms | total=130ms
[2025-09-04T10:01:11.970Z] [Canvas] Iniciando generación de card (últimos 5 registrados)
[2025-09-04T10:01:12.026Z] [Canvas] Avatar OK 19830B en 53ms – https://cdn.discordapp.com/avatars/832694285035372595/0df93f38e17b1db11473a25d84e94c7a.png?size=128
[2025-09-04T10:01:12.027Z] [Canvas] Imagen decodificada en 54ms
[2025-09-04T10:01:12.030Z] [Canvas] Avatar OK 33332B en 55ms – https://cdn.discordapp.com/avatars/755162605806420029/53e86de272f5f2c087ce769a98fb9c7b.png?size=128
[2025-09-04T10:01:12.030Z] [Canvas] Imagen decodificada en 57ms
[2025-09-04T10:01:12.032Z] [Canvas] Avatar OK 23596B en 57ms – https://cdn.discordapp.com/avatars/1044774334113271828/e355de29e2de9a0eca93a33fe0551509.png?size=128
[2025-09-04T10:01:12.033Z] [Canvas] Imagen decodificada en 58ms
[2025-09-04T10:01:12.034Z] [Canvas] Avatar OK 34463B en 61ms – https://cdn.discordapp.com/avatars/335236507340111873/cc7255a390a6681efb9597a397fe05ab.png?size=128
[2025-09-04T10:01:12.035Z] [Canvas] Imagen decodificada en 63ms
[2025-09-04T10:01:12.039Z] [Canvas] Avatar OK 37976B en 64ms – https://cdn.discordapp.com/avatars/304790336587169795/6798afd271b4729ae4a16dadb17c6ad9.png?size=128
[2025-09-04T10:01:12.040Z] [Canvas] Imagen decodificada en 65ms
[2025-09-04T10:01:12.061Z] [Canvas] Avatar OK 10668B en 30ms – https://cdn.discordapp.com/emojis/1406723955682705418.png?size=64
[2025-09-04T10:01:12.062Z] [Canvas] Avatar OK 10109B en 27ms – https://cdn.discordapp.com/emojis/1406723943787925546.png?size=64
[2025-09-04T10:01:12.062Z] [Canvas] Avatar OK 6868B en 29ms – https://cdn.discordapp.com/emojis/1406723933608083599.png?size=64
[2025-09-04T10:01:12.066Z] [Canvas] Avatar OK 10668B en 39ms – https://cdn.discordapp.com/emojis/1406723955682705418.png?size=64
[2025-09-04T10:01:12.072Z] [Canvas] Avatar OK 9547B en 32ms – https://cdn.discordapp.com/emojis/1406723982887223416.png?size=64
[2025-09-04T10:01:12.090Z] [Canvas] Card generado: ok=5 error=0 | encode=15ms | total=119ms
[2025-09-04T10:01:43.594Z] [Canvas] Iniciando generación de card (últimos 5 registrados)
[2025-09-04T10:01:43.668Z] [Canvas] Avatar OK 34463B en 69ms – https://cdn.discordapp.com/avatars/335236507340111873/cc7255a390a6681efb9597a397fe05ab.png?size=128
[2025-09-04T10:01:43.671Z] [Canvas] Avatar OK 37976B en 67ms – https://cdn.discordapp.com/avatars/304790336587169795/6798afd271b4729ae4a16dadb17c6ad9.png?size=128
[2025-09-04T10:01:43.672Z] [Canvas] Avatar OK 33332B en 71ms – https://cdn.discordapp.com/avatars/755162605806420029/53e86de272f5f2c087ce769a98fb9c7b.png?size=128
[2025-09-04T10:01:43.673Z] [Canvas] Avatar OK 19830B en 73ms – https://cdn.discordapp.com/avatars/832694285035372595/0df93f38e17b1db11473a25d84e94c7a.png?size=128
[2025-09-04T10:01:43.674Z] [Canvas] Imagen decodificada en 79ms
[2025-09-04T10:01:43.675Z] [Canvas] Imagen decodificada en 73ms
[2025-09-04T10:01:43.677Z] [Canvas] Imagen decodificada en 77ms
[2025-09-04T10:01:43.678Z] [Canvas] Imagen decodificada en 79ms
[2025-09-04T10:01:43.682Z] [Canvas] Avatar OK 23596B en 78ms – https://cdn.discordapp.com/avatars/1044774334113271828/e355de29e2de9a0eca93a33fe0551509.png?size=128
[2025-09-04T10:01:43.682Z] [Canvas] Imagen decodificada en 79ms
[2025-09-04T10:01:43.707Z] [Canvas] Avatar OK 10668B en 28ms – https://cdn.discordapp.com/emojis/1406723955682705418.png?size=64
[2025-09-04T10:01:43.709Z] [Canvas] Avatar OK 10109B en 33ms – https://cdn.discordapp.com/emojis/1406723943787925546.png?size=64
[2025-09-04T10:01:43.711Z] [Canvas] Avatar OK 6868B en 29ms – https://cdn.discordapp.com/emojis/1406723933608083599.png?size=64
[2025-09-04T10:01:43.738Z] [Canvas] Avatar OK 9547B en 62ms – https://cdn.discordapp.com/emojis/1406723982887223416.png?size=64
[2025-09-04T10:01:43.740Z] [Canvas] Avatar OK 10668B en 62ms – https://cdn.discordapp.com/emojis/1406723955682705418.png?size=64
[2025-09-04T10:01:43.761Z] [Canvas] Card generado: ok=5 error=0 | encode=16ms | total=168ms
[2025-09-04T10:02:43.912Z] [Canvas] Iniciando generación de card (últimos 5 registrados)
[2025-09-04T10:02:43.971Z] [Canvas] Avatar OK 19830B en 56ms – https://cdn.discordapp.com/avatars/832694285035372595/0df93f38e17b1db11473a25d84e94c7a.png?size=128
[2025-09-04T10:02:43.971Z] [Canvas] Imagen decodificada en 57ms
[2025-09-04T10:02:43.975Z] [Canvas] Avatar OK 23596B en 58ms – https://cdn.discordapp.com/avatars/1044774334113271828/e355de29e2de9a0eca93a33fe0551509.png?size=128
[2025-09-04T10:02:43.976Z] [Canvas] Imagen decodificada en 59ms
[2025-09-04T10:02:43.980Z] [Canvas] Avatar OK 33332B en 64ms – https://cdn.discordapp.com/avatars/755162605806420029/53e86de272f5f2c087ce769a98fb9c7b.png?size=128
[2025-09-04T10:02:43.981Z] [Canvas] Imagen decodificada en 66ms
[2025-09-04T10:02:43.987Z] [Canvas] Avatar OK 37976B en 70ms – https://cdn.discordapp.com/avatars/304790336587169795/6798afd271b4729ae4a16dadb17c6ad9.png?size=128
[2025-09-04T10:02:43.987Z] [Canvas] Imagen decodificada en 72ms
[2025-09-04T10:02:43.992Z] [Canvas] Avatar OK 34463B en 77ms – https://cdn.discordapp.com/avatars/335236507340111873/cc7255a390a6681efb9597a397fe05ab.png?size=128
[2025-09-04T10:02:43.993Z] [Canvas] Imagen decodificada en 79ms
[2025-09-04T10:02:44.003Z] [Canvas] Avatar OK 10668B en 31ms – https://cdn.discordapp.com/emojis/1406723955682705418.png?size=64
[2025-09-04T10:02:44.003Z] [Canvas] Avatar OK 6868B en 27ms – https://cdn.discordapp.com/emojis/1406723933608083599.png?size=64
[2025-09-04T10:02:44.019Z] [Canvas] Avatar OK 10668B en 38ms – https://cdn.discordapp.com/emojis/1406723955682705418.png?size=64
[2025-09-04T10:02:44.026Z] [Canvas] Avatar OK 10109B en 33ms – https://cdn.discordapp.com/emojis/1406723943787925546.png?size=64
[2025-09-04T10:02:44.028Z] [Canvas] Avatar OK 9547B en 40ms – https://cdn.discordapp.com/emojis/1406723982887223416.png?size=64
[2025-09-04T10:02:44.067Z] [Canvas] Card generado: ok=5 error=0 | encode=33ms | total=154ms
[2025-09-04T10:03:42.794Z] [Canvas] Iniciando generación de card (últimos 5 registrados)
[2025-09-04T10:03:42.850Z] [Canvas] Avatar OK 19830B en 52ms – https://cdn.discordapp.com/avatars/832694285035372595/0df93f38e17b1db11473a25d84e94c7a.png?size=128
[2025-09-04T10:03:42.850Z] [Canvas] Imagen decodificada en 54ms
[2025-09-04T10:03:42.859Z] [Canvas] Avatar OK 34463B en 63ms – https://cdn.discordapp.com/avatars/335236507340111873/cc7255a390a6681efb9597a397fe05ab.png?size=128
[2025-09-04T10:03:42.860Z] [Canvas] Imagen decodificada en 65ms
[2025-09-04T10:03:42.866Z] [Canvas] Avatar OK 33332B en 67ms – https://cdn.discordapp.com/avatars/755162605806420029/53e86de272f5f2c087ce769a98fb9c7b.png?size=128
[2025-09-04T10:03:42.867Z] [Canvas] Imagen decodificada en 69ms
[2025-09-04T10:03:42.875Z] [Canvas] Avatar OK 37976B en 74ms – https://cdn.discordapp.com/avatars/304790336587169795/6798afd271b4729ae4a16dadb17c6ad9.png?size=128
[2025-09-04T10:03:42.875Z] [Canvas] Imagen decodificada en 76ms
[2025-09-04T10:03:42.880Z] [Canvas] Avatar OK 10668B en 29ms – https://cdn.discordapp.com/emojis/1406723955682705418.png?size=64
[2025-09-04T10:03:42.888Z] [Canvas] Avatar OK 23596B en 87ms – https://cdn.discordapp.com/avatars/1044774334113271828/e355de29e2de9a0eca93a33fe0551509.png?size=128
[2025-09-04T10:03:42.889Z] [Canvas] Imagen decodificada en 89ms
[2025-09-04T10:03:42.900Z] [Canvas] Avatar OK 10668B en 32ms – https://cdn.discordapp.com/emojis/1406723955682705418.png?size=64
[2025-09-04T10:03:42.901Z] [Canvas] Avatar OK 10109B en 40ms – https://cdn.discordapp.com/emojis/1406723943787925546.png?size=64
[2025-09-04T10:03:42.910Z] [Canvas] Avatar OK 9547B en 34ms – https://cdn.discordapp.com/emojis/1406723982887223416.png?size=64
[2025-09-04T10:03:42.926Z] [Canvas] Avatar OK 6868B en 37ms – https://cdn.discordapp.com/emojis/1406723933608083599.png?size=64
[2025-09-04T10:03:42.945Z] [Canvas] Card generado: ok=5 error=0 | encode=15ms | total=151ms
[2025-09-04T10:04:42.829Z] [Canvas] Iniciando generación de card (últimos 5 registrados)
[2025-09-04T10:04:42.886Z] [Canvas] Avatar OK 34463B en 54ms – https://cdn.discordapp.com/avatars/335236507340111873/cc7255a390a6681efb9597a397fe05ab.png?size=128
[2025-09-04T10:04:42.886Z] [Canvas] Imagen decodificada en 56ms
[2025-09-04T10:04:42.898Z] [Canvas] Avatar OK 19830B en 66ms – https://cdn.discordapp.com/avatars/832694285035372595/0df93f38e17b1db11473a25d84e94c7a.png?size=128
[2025-09-04T10:04:42.900Z] [Canvas] Avatar OK 23596B en 67ms – https://cdn.discordapp.com/avatars/1044774334113271828/e355de29e2de9a0eca93a33fe0551509.png?size=128
[2025-09-04T10:04:42.902Z] [Canvas] Avatar OK 33332B en 69ms – https://cdn.discordapp.com/avatars/755162605806420029/53e86de272f5f2c087ce769a98fb9c7b.png?size=128
[2025-09-04T10:04:42.902Z] [Canvas] Imagen decodificada en 71ms
[2025-09-04T10:04:42.902Z] [Canvas] Imagen decodificada en 70ms
[2025-09-04T10:04:42.903Z] [Canvas] Imagen decodificada en 72ms
[2025-09-04T10:04:42.908Z] [Canvas] Avatar OK 37976B en 75ms – https://cdn.discordapp.com/avatars/304790336587169795/6798afd271b4729ae4a16dadb17c6ad9.png?size=128
[2025-09-04T10:04:42.909Z] [Canvas] Imagen decodificada en 77ms
[2025-09-04T10:04:42.916Z] [Canvas] Avatar OK 10109B en 29ms – https://cdn.discordapp.com/emojis/1406723943787925546.png?size=64
[2025-09-04T10:04:42.935Z] [Canvas] Avatar OK 10668B en 32ms – https://cdn.discordapp.com/emojis/1406723955682705418.png?size=64
[2025-09-04T10:04:42.935Z] [Canvas] Avatar OK 9547B en 25ms – https://cdn.discordapp.com/emojis/1406723982887223416.png?size=64
[2025-09-04T10:04:42.936Z] [Canvas] Avatar OK 10668B en 32ms – https://cdn.discordapp.com/emojis/1406723955682705418.png?size=64
[2025-09-04T10:04:42.964Z] [Canvas] Avatar OK 6868B en 61ms – https://cdn.discordapp.com/emojis/1406723933608083599.png?size=64
[2025-09-04T10:04:42.981Z] [Canvas] Card generado: ok=5 error=0 | encode=15ms | total=152ms
[2025-09-04T10:05:42.843Z] [Canvas] Iniciando generación de card (últimos 5 registrados)
[2025-09-04T10:05:42.897Z] [Canvas] Avatar OK 19830B en 51ms – https://cdn.discordapp.com/avatars/832694285035372595/0df93f38e17b1db11473a25d84e94c7a.png?size=128
[2025-09-04T10:05:42.899Z] [Canvas] Avatar OK 33332B en 51ms – https://cdn.discordapp.com/avatars/755162605806420029/53e86de272f5f2c087ce769a98fb9c7b.png?size=128
[2025-09-04T10:05:42.899Z] [Canvas] Imagen decodificada en 55ms
[2025-09-04T10:05:42.900Z] [Canvas] Imagen decodificada en 54ms
[2025-09-04T10:05:42.904Z] [Canvas] Avatar OK 37976B en 56ms – https://cdn.discordapp.com/avatars/304790336587169795/6798afd271b4729ae4a16dadb17c6ad9.png?size=128
[2025-09-04T10:05:42.907Z] [Canvas] Avatar OK 34463B en 62ms – https://cdn.discordapp.com/avatars/335236507340111873/cc7255a390a6681efb9597a397fe05ab.png?size=128
[2025-09-04T10:05:42.907Z] [Canvas] Imagen decodificada en 60ms
[2025-09-04T10:05:42.907Z] [Canvas] Imagen decodificada en 64ms
[2025-09-04T10:05:42.909Z] [Canvas] Avatar OK 23596B en 60ms – https://cdn.discordapp.com/avatars/1044774334113271828/e355de29e2de9a0eca93a33fe0551509.png?size=128
[2025-09-04T10:05:42.910Z] [Canvas] Imagen decodificada en 62ms
[2025-09-04T10:05:42.928Z] [Canvas] Avatar OK 10668B en 27ms – https://cdn.discordapp.com/emojis/1406723955682705418.png?size=64
[2025-09-04T10:05:42.939Z] [Canvas] Avatar OK 10668B en 39ms – https://cdn.discordapp.com/emojis/1406723955682705418.png?size=64
[2025-09-04T10:05:42.937Z] [Canvas] Avatar OK 10109B en 29ms – https://cdn.discordapp.com/emojis/1406723943787925546.png?size=64
[2025-09-04T10:05:42.940Z] [Canvas] Avatar OK 6868B en 29ms – https://cdn.discordapp.com/emojis/1406723933608083599.png?size=64
[2025-09-04T10:05:42.941Z] [Canvas] Avatar OK 9547B en 33ms – https://cdn.discordapp.com/emojis/1406723982887223416.png?size=64
[2025-09-04T10:05:42.961Z] [Canvas] Card generado: ok=5 error=0 | encode=17ms | total=118ms
[2025-09-04T10:06:43.076Z] [Canvas] Iniciando generación de card (últimos 5 registrados)
[2025-09-04T10:06:43.132Z] [Canvas] Avatar OK 19830B en 53ms – https://cdn.discordapp.com/avatars/832694285035372595/0df93f38e17b1db11473a25d84e94c7a.png?size=128
[2025-09-04T10:06:43.133Z] [Canvas] Imagen decodificada en 54ms
[2025-09-04T10:06:43.140Z] [Canvas] Avatar OK 37976B en 58ms – https://cdn.discordapp.com/avatars/304790336587169795/6798afd271b4729ae4a16dadb17c6ad9.png?size=128
[2025-09-04T10:06:43.142Z] [Canvas] Avatar OK 23596B en 58ms – https://cdn.discordapp.com/avatars/1044774334113271828/e355de29e2de9a0eca93a33fe0551509.png?size=128
[2025-09-04T10:06:43.143Z] [Canvas] Imagen decodificada en 62ms
[2025-09-04T10:06:43.144Z] [Canvas] Imagen decodificada en 62ms
[2025-09-04T10:06:43.146Z] [Canvas] Avatar OK 33332B en 65ms – https://cdn.discordapp.com/avatars/755162605806420029/53e86de272f5f2c087ce769a98fb9c7b.png?size=128
[2025-09-04T10:06:43.147Z] [Canvas] Avatar OK 34463B en 69ms – https://cdn.discordapp.com/avatars/335236507340111873/cc7255a390a6681efb9597a397fe05ab.png?size=128
[2025-09-04T10:06:43.147Z] [Canvas] Imagen decodificada en 68ms
[2025-09-04T10:06:43.148Z] [Canvas] Imagen decodificada en 71ms
[2025-09-04T10:06:43.159Z] [Canvas] Avatar OK 10668B en 25ms – https://cdn.discordapp.com/emojis/1406723955682705418.png?size=64
[2025-09-04T10:06:43.175Z] [Canvas] Avatar OK 9547B en 30ms – https://cdn.discordapp.com/emojis/1406723982887223416.png?size=64
[2025-09-04T10:06:43.176Z] [Canvas] Avatar OK 6868B en 31ms – https://cdn.discordapp.com/emojis/1406723933608083599.png?size=64
[2025-09-04T10:06:43.180Z] [Canvas] Avatar OK 10109B en 31ms – https://cdn.discordapp.com/emojis/1406723943787925546.png?size=64
[2025-09-04T10:06:43.183Z] [Canvas] Avatar OK 10668B en 35ms – https://cdn.discordapp.com/emojis/1406723955682705418.png?size=64
[2025-09-04T10:06:43.203Z] [Canvas] Card generado: ok=5 error=0 | encode=17ms | total=127ms
[2025-09-04T10:07:42.925Z] [Canvas] Iniciando generación de card (últimos 5 registrados)
[2025-09-04T10:07:42.982Z] [Canvas] Avatar OK 23596B en 52ms – https://cdn.discordapp.com/avatars/1044774334113271828/e355de29e2de9a0eca93a33fe0551509.png?size=128
[2025-09-04T10:07:42.982Z] [Canvas] Imagen decodificada en 53ms
[2025-09-04T10:07:42.987Z] [Canvas] Avatar OK 33332B en 59ms – https://cdn.discordapp.com/avatars/755162605806420029/53e86de272f5f2c087ce769a98fb9c7b.png?size=128
[2025-09-04T10:07:42.989Z] [Canvas] Avatar OK 37976B en 60ms – https://cdn.discordapp.com/avatars/304790336587169795/6798afd271b4729ae4a16dadb17c6ad9.png?size=128
[2025-09-04T10:07:42.989Z] [Canvas] Imagen decodificada en 61ms
[2025-09-04T10:07:42.990Z] [Canvas] Imagen decodificada en 61ms
[2025-09-04T10:07:42.994Z] [Canvas] Avatar OK 34463B en 68ms – https://cdn.discordapp.com/avatars/335236507340111873/cc7255a390a6681efb9597a397fe05ab.png?size=128
[2025-09-04T10:07:42.995Z] [Canvas] Imagen decodificada en 69ms
[2025-09-04T10:07:43.001Z] [Canvas] Avatar OK 19830B en 74ms – https://cdn.discordapp.com/avatars/832694285035372595/0df93f38e17b1db11473a25d84e94c7a.png?size=128
[2025-09-04T10:07:43.002Z] [Canvas] Imagen decodificada en 76ms
[2025-09-04T10:07:43.011Z] [Canvas] Avatar OK 6868B en 29ms – https://cdn.discordapp.com/emojis/1406723933608083599.png?size=64
[2025-09-04T10:07:43.015Z] [Canvas] Avatar OK 10668B en 26ms – https://cdn.discordapp.com/emojis/1406723955682705418.png?size=64
[2025-09-04T10:07:43.017Z] [Canvas] Avatar OK 9547B en 27ms – https://cdn.discordapp.com/emojis/1406723982887223416.png?size=64
[2025-09-04T10:07:43.029Z] [Canvas] Avatar OK 10109B en 34ms – https://cdn.discordapp.com/emojis/1406723943787925546.png?size=64
[2025-09-04T10:07:43.034Z] [Canvas] Avatar OK 10668B en 32ms – https://cdn.discordapp.com/emojis/1406723955682705418.png?size=64
[2025-09-04T10:07:43.058Z] [Canvas] Card generado: ok=5 error=0 | encode=19ms | total=133ms
[2025-09-04T10:08:42.851Z] [Canvas] Iniciando generación de card (últimos 5 registrados)
[2025-09-04T10:08:42.907Z] [Canvas] Avatar OK 37976B en 51ms – https://cdn.discordapp.com/avatars/304790336587169795/6798afd271b4729ae4a16dadb17c6ad9.png?size=128
[2025-09-04T10:08:42.908Z] [Canvas] Imagen decodificada en 53ms
[2025-09-04T10:08:42.910Z] [Canvas] Avatar OK 33332B en 56ms – https://cdn.discordapp.com/avatars/755162605806420029/53e86de272f5f2c087ce769a98fb9c7b.png?size=128
[2025-09-04T10:08:42.911Z] [Canvas] Imagen decodificada en 57ms
[2025-09-04T10:08:42.912Z] [Canvas] Avatar OK 19830B en 59ms – https://cdn.discordapp.com/avatars/832694285035372595/0df93f38e17b1db11473a25d84e94c7a.png?size=128
[2025-09-04T10:08:42.913Z] [Canvas] Imagen decodificada en 60ms
[2025-09-04T10:08:42.919Z] [Canvas] Avatar OK 34463B en 66ms – https://cdn.discordapp.com/avatars/335236507340111873/cc7255a390a6681efb9597a397fe05ab.png?size=128
[2025-09-04T10:08:42.920Z] [Canvas] Imagen decodificada en 68ms
[2025-09-04T10:08:42.925Z] [Canvas] Avatar OK 23596B en 68ms – https://cdn.discordapp.com/avatars/1044774334113271828/e355de29e2de9a0eca93a33fe0551509.png?size=128
[2025-09-04T10:08:42.925Z] [Canvas] Imagen decodificada en 69ms
[2025-09-04T10:08:42.933Z] [Canvas] Avatar OK 9547B en 24ms – https://cdn.discordapp.com/emojis/1406723982887223416.png?size=64
[2025-09-04T10:08:42.939Z] [Canvas] Avatar OK 10668B en 27ms – https://cdn.discordapp.com/emojis/1406723955682705418.png?size=64
[2025-09-04T10:08:42.948Z] [Canvas] Avatar OK 10668B en 35ms – https://cdn.discordapp.com/emojis/1406723955682705418.png?size=64
[2025-09-04T10:08:42.950Z] [Canvas] Avatar OK 10109B en 30ms – https://cdn.discordapp.com/emojis/1406723943787925546.png?size=64
[2025-09-04T10:08:42.963Z] [Canvas] Avatar OK 6868B en 37ms – https://cdn.discordapp.com/emojis/1406723933608083599.png?size=64
[2025-09-04T10:08:42.984Z] [Canvas] Card generado: ok=5 error=0 | encode=16ms | total=132ms
[2025-09-04T10:09:42.819Z] [Canvas] Iniciando generación de card (últimos 5 registrados)
[2025-09-04T10:09:42.872Z] [Canvas] Avatar OK 33332B en 50ms – https://cdn.discordapp.com/avatars/755162605806420029/53e86de272f5f2c087ce769a98fb9c7b.png?size=128
[2025-09-04T10:09:42.873Z] [Canvas] Avatar OK 23596B en 47ms – https://cdn.discordapp.com/avatars/1044774334113271828/e355de29e2de9a0eca93a33fe0551509.png?size=128
[2025-09-04T10:09:42.874Z] [Canvas] Avatar OK 37976B en 50ms – https://cdn.discordapp.com/avatars/304790336587169795/6798afd271b4729ae4a16dadb17c6ad9.png?size=128
[2025-09-04T10:09:42.874Z] [Canvas] Imagen decodificada en 53ms
[2025-09-04T10:09:42.875Z] [Canvas] Imagen decodificada en 51ms
[2025-09-04T10:09:42.876Z] [Canvas] Imagen decodificada en 53ms
[2025-09-04T10:09:42.878Z] [Canvas] Avatar OK 34463B en 57ms – https://cdn.discordapp.com/avatars/335236507340111873/cc7255a390a6681efb9597a397fe05ab.png?size=128
[2025-09-04T10:09:42.879Z] [Canvas] Avatar OK 19830B en 58ms – https://cdn.discordapp.com/avatars/832694285035372595/0df93f38e17b1db11473a25d84e94c7a.png?size=128
[2025-09-04T10:09:42.880Z] [Canvas] Imagen decodificada en 60ms
[2025-09-04T10:09:42.880Z] [Canvas] Imagen decodificada en 59ms
[2025-09-04T10:09:42.900Z] [Canvas] Avatar OK 10668B en 25ms – https://cdn.discordapp.com/emojis/1406723955682705418.png?size=64
[2025-09-04T10:09:42.901Z] [Canvas] Avatar OK 6868B en 25ms – https://cdn.discordapp.com/emojis/1406723933608083599.png?size=64
[2025-09-04T10:09:42.902Z] [Canvas] Avatar OK 9547B en 26ms – https://cdn.discordapp.com/emojis/1406723982887223416.png?size=64
[2025-09-04T10:09:42.904Z] [Canvas] Avatar OK 10109B en 24ms – https://cdn.discordapp.com/emojis/1406723943787925546.png?size=64
[2025-09-04T10:09:42.912Z] [Canvas] Avatar OK 10668B en 32ms – https://cdn.discordapp.com/emojis/1406723955682705418.png?size=64
[2025-09-04T10:09:42.933Z] [Canvas] Card generado: ok=5 error=0 | encode=18ms | total=114ms
[2025-09-04T10:10:42.945Z] [Canvas] Iniciando generación de card (últimos 5 registrados)
[2025-09-04T10:10:43.000Z] [Canvas] Avatar OK 19830B en 53ms – https://cdn.discordapp.com/avatars/832694285035372595/0df93f38e17b1db11473a25d84e94c7a.png?size=128
[2025-09-04T10:10:43.001Z] [Canvas] Imagen decodificada en 54ms
[2025-09-04T10:10:43.005Z] [Canvas] Avatar OK 34463B en 58ms – https://cdn.discordapp.com/avatars/335236507340111873/cc7255a390a6681efb9597a397fe05ab.png?size=128
[2025-09-04T10:10:43.006Z] [Canvas] Avatar OK 23596B en 57ms – https://cdn.discordapp.com/avatars/1044774334113271828/e355de29e2de9a0eca93a33fe0551509.png?size=128
[2025-09-04T10:10:43.007Z] [Canvas] Imagen decodificada en 61ms
[2025-09-04T10:10:43.007Z] [Canvas] Imagen decodificada en 59ms
[2025-09-04T10:10:43.012Z] [Canvas] Avatar OK 33332B en 64ms – https://cdn.discordapp.com/avatars/755162605806420029/53e86de272f5f2c087ce769a98fb9c7b.png?size=128
[2025-09-04T10:10:43.013Z] [Canvas] Imagen decodificada en 66ms
[2025-09-04T10:10:43.030Z] [Canvas] Avatar OK 37976B en 81ms – https://cdn.discordapp.com/avatars/304790336587169795/6798afd271b4729ae4a16dadb17c6ad9.png?size=128
[2025-09-04T10:10:43.030Z] [Canvas] Imagen decodificada en 83ms
[2025-09-04T10:10:43.031Z] [Canvas] Avatar OK 10668B en 30ms – https://cdn.discordapp.com/emojis/1406723955682705418.png?size=64
[2025-09-04T10:10:43.032Z] [Canvas] Avatar OK 10109B en 25ms – https://cdn.discordapp.com/emojis/1406723943787925546.png?size=64
[2025-09-04T10:10:43.033Z] [Canvas] Avatar OK 6868B en 25ms – https://cdn.discordapp.com/emojis/1406723933608083599.png?size=64
[2025-09-04T10:10:43.059Z] [Canvas] Avatar OK 10668B en 46ms – https://cdn.discordapp.com/emojis/1406723955682705418.png?size=64
[2025-09-04T10:10:43.062Z] [Canvas] Avatar OK 9547B en 31ms – https://cdn.discordapp.com/emojis/1406723982887223416.png?size=64
[2025-09-04T10:10:43.085Z] [Canvas] Card generado: ok=5 error=0 | encode=20ms | total=140ms
[2025-09-04T10:11:13.577Z] [Canvas] Iniciando generación de card (últimos 5 registrados)
[2025-09-04T10:11:13.646Z] [Canvas] Avatar OK 23596B en 53ms – https://cdn.discordapp.com/avatars/1044774334113271828/e355de29e2de9a0eca93a33fe0551509.png?size=128
[2025-09-04T10:11:13.647Z] [Canvas] Imagen decodificada en 58ms
[2025-09-04T10:11:13.650Z] [Canvas] Avatar OK 34463B en 69ms – https://cdn.discordapp.com/avatars/335236507340111873/cc7255a390a6681efb9597a397fe05ab.png?size=128
[2025-09-04T10:11:13.652Z] [Canvas] Avatar OK 37976B en 63ms – https://cdn.discordapp.com/avatars/304790336587169795/6798afd271b4729ae4a16dadb17c6ad9.png?size=128
[2025-09-04T10:11:13.653Z] [Canvas] Avatar OK 19830B en 68ms – https://cdn.discordapp.com/avatars/832694285035372595/0df93f38e17b1db11473a25d84e94c7a.png?size=128
[2025-09-04T10:11:13.654Z] [Canvas] Imagen decodificada en 74ms
[2025-09-04T10:11:13.654Z] [Canvas] Imagen decodificada en 66ms
[2025-09-04T10:11:13.655Z] [Canvas] Imagen decodificada en 70ms
[2025-09-04T10:11:13.658Z] [Canvas] Avatar OK 33332B en 70ms – https://cdn.discordapp.com/avatars/755162605806420029/53e86de272f5f2c087ce769a98fb9c7b.png?size=128
[2025-09-04T10:11:13.658Z] [Canvas] Imagen decodificada en 73ms
[2025-09-04T10:11:13.677Z] [Canvas] Avatar OK 6868B en 29ms – https://cdn.discordapp.com/emojis/1406723933608083599.png?size=64
[2025-09-04T10:11:13.682Z] [Canvas] Avatar OK 10668B en 26ms – https://cdn.discordapp.com/emojis/1406723955682705418.png?size=64
[2025-09-04T10:11:13.683Z] [Canvas] Avatar OK 9547B en 28ms – https://cdn.discordapp.com/emojis/1406723982887223416.png?size=64
[2025-09-04T10:11:13.688Z] [Canvas] Avatar OK 10668B en 28ms – https://cdn.discordapp.com/emojis/1406723955682705418.png?size=64
[2025-09-04T10:11:13.691Z] [Canvas] Avatar OK 10109B en 36ms – https://cdn.discordapp.com/emojis/1406723943787925546.png?size=64
[2025-09-04T10:11:13.711Z] [Canvas] Card generado: ok=5 error=0 | encode=15ms | total=134ms
[2025-09-04T10:11:30.268Z] [Canvas] Iniciando generación de card (últimos 5 registrados)
[2025-09-04T10:11:30.321Z] [Canvas] Avatar OK 19830B en 51ms – https://cdn.discordapp.com/avatars/832694285035372595/0df93f38e17b1db11473a25d84e94c7a.png?size=128
[2025-09-04T10:11:30.322Z] [Canvas] Imagen decodificada en 53ms
[2025-09-04T10:11:30.325Z] [Canvas] Avatar OK 34463B en 55ms – https://cdn.discordapp.com/avatars/335236507340111873/cc7255a390a6681efb9597a397fe05ab.png?size=128
[2025-09-04T10:11:30.325Z] [Canvas] Imagen decodificada en 57ms
[2025-09-04T10:11:30.330Z] [Canvas] Avatar OK 33332B en 58ms – https://cdn.discordapp.com/avatars/755162605806420029/53e86de272f5f2c087ce769a98fb9c7b.png?size=128
[2025-09-04T10:11:30.332Z] [Canvas] Avatar OK 37976B en 60ms – https://cdn.discordapp.com/avatars/304790336587169795/6798afd271b4729ae4a16dadb17c6ad9.png?size=128
[2025-09-04T10:11:30.332Z] [Canvas] Imagen decodificada en 62ms
[2025-09-04T10:11:30.333Z] [Canvas] Imagen decodificada en 62ms
[2025-09-04T10:11:30.335Z] [Canvas] Avatar OK 23596B en 62ms – https://cdn.discordapp.com/avatars/1044774334113271828/e355de29e2de9a0eca93a33fe0551509.png?size=128
[2025-09-04T10:11:30.335Z] [Canvas] Imagen decodificada en 64ms
[2025-09-04T10:11:30.347Z] [Canvas] Avatar OK 10668B en 24ms – https://cdn.discordapp.com/emojis/1406723955682705418.png?size=64
[2025-09-04T10:11:30.351Z] [Canvas] Avatar OK 10109B en 25ms – https://cdn.discordapp.com/emojis/1406723943787925546.png?size=64
[2025-09-04T10:11:30.358Z] [Canvas] Avatar OK 10668B en 26ms – https://cdn.discordapp.com/emojis/1406723955682705418.png?size=64
[2025-09-04T10:11:30.362Z] [Canvas] Avatar OK 6868B en 26ms – https://cdn.discordapp.com/emojis/1406723933608083599.png?size=64
[2025-09-04T10:11:30.372Z] [Canvas] Avatar OK 9547B en 38ms – https://cdn.discordapp.com/emojis/1406723982887223416.png?size=64
[2025-09-04T10:11:30.391Z] [Canvas] Card generado: ok=5 error=0 | encode=16ms | total=123ms
[2025-09-04T10:12:13.073Z] [Canvas] Iniciando generación de card (últimos 5 registrados)
[2025-09-04T10:12:13.125Z] [Canvas] Avatar OK 23596B en 46ms – https://cdn.discordapp.com/avatars/1044774334113271828/e355de29e2de9a0eca93a33fe0551509.png?size=128
[2025-09-04T10:12:13.126Z] [Canvas] Imagen decodificada en 48ms
[2025-09-04T10:12:13.135Z] [Canvas] Avatar OK 37976B en 56ms – https://cdn.discordapp.com/avatars/304790336587169795/6798afd271b4729ae4a16dadb17c6ad9.png?size=128
[2025-09-04T10:12:13.135Z] [Canvas] Imagen decodificada en 58ms
[2025-09-04T10:12:13.137Z] [Canvas] Avatar OK 33332B en 60ms – https://cdn.discordapp.com/avatars/755162605806420029/53e86de272f5f2c087ce769a98fb9c7b.png?size=128
[2025-09-04T10:12:13.138Z] [Canvas] Imagen decodificada en 62ms
[2025-09-04T10:12:13.142Z] [Canvas] Avatar OK 19830B en 66ms – https://cdn.discordapp.com/avatars/832694285035372595/0df93f38e17b1db11473a25d84e94c7a.png?size=128
[2025-09-04T10:12:13.143Z] [Canvas] Imagen decodificada en 68ms
[2025-09-04T10:12:13.148Z] [Canvas] Avatar OK 34463B en 73ms – https://cdn.discordapp.com/avatars/335236507340111873/cc7255a390a6681efb9597a397fe05ab.png?size=128
[2025-09-04T10:12:13.148Z] [Canvas] Imagen decodificada en 74ms
[2025-09-04T10:12:13.151Z] [Canvas] Avatar OK 6868B en 25ms – https://cdn.discordapp.com/emojis/1406723933608083599.png?size=64
[2025-09-04T10:12:13.164Z] [Canvas] Avatar OK 9547B en 28ms – https://cdn.discordapp.com/emojis/1406723982887223416.png?size=64
[2025-09-04T10:12:13.170Z] [Canvas] Avatar OK 10668B en 26ms – https://cdn.discordapp.com/emojis/1406723955682705418.png?size=64
[2025-09-04T10:12:13.173Z] [Canvas] Avatar OK 10668B en 34ms – https://cdn.discordapp.com/emojis/1406723955682705418.png?size=64
[2025-09-04T10:12:13.176Z] [Canvas] Avatar OK 10109B en 27ms – https://cdn.discordapp.com/emojis/1406723943787925546.png?size=64
[2025-09-04T10:12:13.195Z] [Canvas] Card generado: ok=5 error=0 | encode=17ms | total=122ms
[2025-09-04T10:13:12.999Z] [Canvas] Iniciando generación de card (últimos 5 registrados)
[2025-09-04T10:13:13.055Z] [Canvas] Avatar OK 23596B en 52ms – https://cdn.discordapp.com/avatars/1044774334113271828/e355de29e2de9a0eca93a33fe0551509.png?size=128
[2025-09-04T10:13:13.056Z] [Canvas] Imagen decodificada en 53ms
[2025-09-04T10:13:13.059Z] [Canvas] Avatar OK 33332B en 56ms – https://cdn.discordapp.com/avatars/755162605806420029/53e86de272f5f2c087ce769a98fb9c7b.png?size=128
[2025-09-04T10:13:13.059Z] [Canvas] Imagen decodificada en 58ms
[2025-09-04T10:13:13.065Z] [Canvas] Avatar OK 37976B en 61ms – https://cdn.discordapp.com/avatars/304790336587169795/6798afd271b4729ae4a16dadb17c6ad9.png?size=128
[2025-09-04T10:13:13.066Z] [Canvas] Imagen decodificada en 64ms
[2025-09-04T10:13:13.070Z] [Canvas] Avatar OK 34463B en 69ms – https://cdn.discordapp.com/avatars/335236507340111873/cc7255a390a6681efb9597a397fe05ab.png?size=128
[2025-09-04T10:13:13.071Z] [Canvas] Imagen decodificada en 71ms
[2025-09-04T10:13:13.083Z] [Canvas] Avatar OK 6868B en 27ms – https://cdn.discordapp.com/emojis/1406723933608083599.png?size=64
[2025-09-04T10:13:13.087Z] [Canvas] Avatar OK 10668B en 27ms – https://cdn.discordapp.com/emojis/1406723955682705418.png?size=64
[2025-09-04T10:13:13.094Z] [Canvas] Avatar OK 9547B en 27ms – https://cdn.discordapp.com/emojis/1406723982887223416.png?size=64
[2025-09-04T10:13:13.103Z] [Canvas] Avatar OK 10109B en 31ms – https://cdn.discordapp.com/emojis/1406723943787925546.png?size=64
[2025-09-04T10:13:13.143Z] [Canvas] Avatar OK 19830B en 85ms – https://cdn.discordapp.com/avatars/832694285035372595/0df93f38e17b1db11473a25d84e94c7a.png?size=128
[2025-09-04T10:13:13.144Z] [Canvas] Imagen decodificada en 143ms
[2025-09-04T10:13:13.177Z] [Canvas] Avatar OK 10668B en 33ms – https://cdn.discordapp.com/emojis/1406723955682705418.png?size=64
[2025-09-04T10:13:13.196Z] [Canvas] Card generado: ok=5 error=0 | encode=16ms | total=197ms
[2025-09-04T10:14:12.948Z] [Canvas] Iniciando generación de card (últimos 5 registrados)
[2025-09-04T10:14:13.002Z] [Canvas] Avatar OK 23596B en 49ms – https://cdn.discordapp.com/avatars/1044774334113271828/e355de29e2de9a0eca93a33fe0551509.png?size=128
[2025-09-04T10:14:13.003Z] [Canvas] Imagen decodificada en 51ms
[2025-09-04T10:14:13.004Z] [Canvas] Avatar OK 19830B en 54ms – https://cdn.discordapp.com/avatars/832694285035372595/0df93f38e17b1db11473a25d84e94c7a.png?size=128
[2025-09-04T10:14:13.006Z] [Canvas] Avatar OK 37976B en 53ms – https://cdn.discordapp.com/avatars/304790336587169795/6798afd271b4729ae4a16dadb17c6ad9.png?size=128
[2025-09-04T10:14:13.007Z] [Canvas] Imagen decodificada en 57ms
[2025-09-04T10:14:13.008Z] [Canvas] Avatar OK 33332B en 56ms – https://cdn.discordapp.com/avatars/755162605806420029/53e86de272f5f2c087ce769a98fb9c7b.png?size=128
[2025-09-04T10:14:13.008Z] [Canvas] Imagen decodificada en 57ms
[2025-09-04T10:14:13.009Z] [Canvas] Imagen decodificada en 58ms
[2025-09-04T10:14:13.012Z] [Canvas] Avatar OK 34463B en 63ms – https://cdn.discordapp.com/avatars/335236507340111873/cc7255a390a6681efb9597a397fe05ab.png?size=128
[2025-09-04T10:14:13.013Z] [Canvas] Imagen decodificada en 64ms
[2025-09-04T10:14:13.029Z] [Canvas] Avatar OK 6868B en 25ms – https://cdn.discordapp.com/emojis/1406723933608083599.png?size=64
[2025-09-04T10:14:13.035Z] [Canvas] Avatar OK 10668B en 28ms – https://cdn.discordapp.com/emojis/1406723955682705418.png?size=64
[2025-09-04T10:14:13.037Z] [Canvas] Avatar OK 9547B en 28ms – https://cdn.discordapp.com/emojis/1406723982887223416.png?size=64
[2025-09-04T10:14:13.038Z] [Canvas] Avatar OK 10668B en 28ms – https://cdn.discordapp.com/emojis/1406723955682705418.png?size=64
[2025-09-04T10:14:13.044Z] [Canvas] Avatar OK 10109B en 30ms – https://cdn.discordapp.com/emojis/1406723943787925546.png?size=64
[2025-09-04T10:14:13.061Z] [Canvas] Card generado: ok=5 error=0 | encode=15ms | total=113ms
[2025-09-04T10:15:12.958Z] [Canvas] Iniciando generación de card (últimos 5 registrados)
[2025-09-04T10:15:13.010Z] [Canvas] Avatar OK 34463B en 50ms – https://cdn.discordapp.com/avatars/335236507340111873/cc7255a390a6681efb9597a397fe05ab.png?size=128
[2025-09-04T10:15:13.012Z] [Canvas] Avatar OK 33332B en 50ms – https://cdn.discordapp.com/avatars/755162605806420029/53e86de272f5f2c087ce769a98fb9c7b.png?size=128
[2025-09-04T10:15:13.012Z] [Canvas] Imagen decodificada en 54ms
[2025-09-04T10:15:13.013Z] [Canvas] Imagen decodificada en 52ms
[2025-09-04T10:15:13.016Z] [Canvas] Avatar OK 23596B en 53ms – https://cdn.discordapp.com/avatars/1044774334113271828/e355de29e2de9a0eca93a33fe0551509.png?size=128
[2025-09-04T10:15:13.017Z] [Canvas] Imagen decodificada en 54ms
[2025-09-04T10:15:13.018Z] [Canvas] Avatar OK 19830B en 58ms – https://cdn.discordapp.com/avatars/832694285035372595/0df93f38e17b1db11473a25d84e94c7a.png?size=128
[2025-09-04T10:15:13.020Z] [Canvas] Avatar OK 37976B en 57ms – https://cdn.discordapp.com/avatars/304790336587169795/6798afd271b4729ae4a16dadb17c6ad9.png?size=128
[2025-09-04T10:15:13.020Z] [Canvas] Imagen decodificada en 60ms
[2025-09-04T10:15:13.020Z] [Canvas] Imagen decodificada en 59ms
[2025-09-04T10:15:13.037Z] [Canvas] Avatar OK 10109B en 24ms – https://cdn.discordapp.com/emojis/1406723943787925546.png?size=64
[2025-09-04T10:15:13.040Z] [Canvas] Avatar OK 10668B en 27ms – https://cdn.discordapp.com/emojis/1406723955682705418.png?size=64
[2025-09-04T10:15:13.045Z] [Canvas] Avatar OK 6868B en 28ms – https://cdn.discordapp.com/emojis/1406723933608083599.png?size=64
[2025-09-04T10:15:13.049Z] [Canvas] Avatar OK 9547B en 28ms – https://cdn.discordapp.com/emojis/1406723982887223416.png?size=64
[2025-09-04T10:15:13.052Z] [Canvas] Avatar OK 10668B en 31ms – https://cdn.discordapp.com/emojis/1406723955682705418.png?size=64
[2025-09-04T10:15:13.069Z] [Canvas] Card generado: ok=5 error=0 | encode=15ms | total=111ms
[2025-09-04T10:16:13.186Z] [Canvas] Iniciando generación de card (últimos 5 registrados)
[2025-09-04T10:16:13.243Z] [Canvas] Avatar OK 19830B en 54ms – https://cdn.discordapp.com/avatars/832694285035372595/0df93f38e17b1db11473a25d84e94c7a.png?size=128
[2025-09-04T10:16:13.243Z] [Canvas] Imagen decodificada en 55ms
[2025-09-04T10:16:13.246Z] [Canvas] Avatar OK 34463B en 57ms – https://cdn.discordapp.com/avatars/335236507340111873/cc7255a390a6681efb9597a397fe05ab.png?size=128
[2025-09-04T10:16:13.246Z] [Canvas] Imagen decodificada en 59ms
[2025-09-04T10:16:13.251Z] [Canvas] Avatar OK 33332B en 61ms – https://cdn.discordapp.com/avatars/755162605806420029/53e86de272f5f2c087ce769a98fb9c7b.png?size=128
[2025-09-04T10:16:13.253Z] [Canvas] Avatar OK 37976B en 63ms – https://cdn.discordapp.com/avatars/304790336587169795/6798afd271b4729ae4a16dadb17c6ad9.png?size=128
[2025-09-04T10:16:13.252Z] [Canvas] Imagen decodificada en 63ms
[2025-09-04T10:16:13.254Z] [Canvas] Imagen decodificada en 64ms
[2025-09-04T10:16:13.255Z] [Canvas] Avatar OK 23596B en 64ms – https://cdn.discordapp.com/avatars/1044774334113271828/e355de29e2de9a0eca93a33fe0551509.png?size=128
[2025-09-04T10:16:13.255Z] [Canvas] Imagen decodificada en 65ms
[2025-09-04T10:16:13.269Z] [Canvas] Avatar OK 10668B en 25ms – https://cdn.discordapp.com/emojis/1406723955682705418.png?size=64
[2025-09-04T10:16:13.274Z] [Canvas] Avatar OK 10109B en 27ms – https://cdn.discordapp.com/emojis/1406723943787925546.png?size=64
[2025-09-04T10:16:13.282Z] [Canvas] Avatar OK 9547B en 28ms – https://cdn.discordapp.com/emojis/1406723982887223416.png?size=64
[2025-09-04T10:16:13.285Z] [Canvas] Avatar OK 6868B en 29ms – https://cdn.discordapp.com/emojis/1406723933608083599.png?size=64
[2025-09-04T10:16:13.285Z] [Canvas] Avatar OK 10668B en 34ms – https://cdn.discordapp.com/emojis/1406723955682705418.png?size=64
[2025-09-04T10:16:13.303Z] [Canvas] Card generado: ok=5 error=0 | encode=15ms | total=117ms
[2025-09-04T10:17:12.983Z] [Canvas] Iniciando generación de card (últimos 5 registrados)
[2025-09-04T10:17:13.038Z] [Canvas] Avatar OK 34463B en 54ms – https://cdn.discordapp.com/avatars/335236507340111873/cc7255a390a6681efb9597a397fe05ab.png?size=128
[2025-09-04T10:17:13.039Z] [Canvas] Imagen decodificada en 55ms
[2025-09-04T10:17:13.044Z] [Canvas] Avatar OK 19830B en 59ms – https://cdn.discordapp.com/avatars/832694285035372595/0df93f38e17b1db11473a25d84e94c7a.png?size=128
[2025-09-04T10:17:13.045Z] [Canvas] Avatar OK 23596B en 56ms – https://cdn.discordapp.com/avatars/1044774334113271828/e355de29e2de9a0eca93a33fe0551509.png?size=128
[2025-09-04T10:17:13.045Z] [Canvas] Imagen decodificada en 60ms
[2025-09-04T10:17:13.045Z] [Canvas] Imagen decodificada en 58ms
[2025-09-04T10:17:13.048Z] [Canvas] Avatar OK 33332B en 62ms – https://cdn.discordapp.com/avatars/755162605806420029/53e86de272f5f2c087ce769a98fb9c7b.png?size=128
[2025-09-04T10:17:13.049Z] [Canvas] Imagen decodificada en 64ms
[2025-09-04T10:17:13.057Z] [Canvas] Avatar OK 37976B en 69ms – https://cdn.discordapp.com/avatars/304790336587169795/6798afd271b4729ae4a16dadb17c6ad9.png?size=128
[2025-09-04T10:17:13.058Z] [Canvas] Imagen decodificada en 71ms
[2025-09-04T10:17:13.070Z] [Canvas] Avatar OK 6868B en 24ms – https://cdn.discordapp.com/emojis/1406723933608083599.png?size=64
[2025-09-04T10:17:13.072Z] [Canvas] Avatar OK 10109B en 32ms – https://cdn.discordapp.com/emojis/1406723943787925546.png?size=64
[2025-09-04T10:17:13.076Z] [Canvas] Avatar OK 10668B en 31ms – https://cdn.discordapp.com/emojis/1406723955682705418.png?size=64
[2025-09-04T10:17:13.077Z] [Canvas] Avatar OK 10668B en 28ms – https://cdn.discordapp.com/emojis/1406723955682705418.png?size=64
[2025-09-04T10:17:13.088Z] [Canvas] Avatar OK 9547B en 30ms – https://cdn.discordapp.com/emojis/1406723982887223416.png?size=64
[2025-09-04T10:17:13.105Z] [Canvas] Card generado: ok=5 error=0 | encode=15ms | total=123ms
[2025-09-04T10:18:12.980Z] [Canvas] Iniciando generación de card (últimos 5 registrados)
[2025-09-04T10:18:13.041Z] [Canvas] Avatar OK 34463B en 59ms – https://cdn.discordapp.com/avatars/335236507340111873/cc7255a390a6681efb9597a397fe05ab.png?size=128
[2025-09-04T10:18:13.042Z] [Canvas] Imagen decodificada en 60ms
[2025-09-04T10:18:13.044Z] [Canvas] Avatar OK 37976B en 57ms – https://cdn.discordapp.com/avatars/304790336587169795/6798afd271b4729ae4a16dadb17c6ad9.png?size=128
[2025-09-04T10:18:13.045Z] [Canvas] Avatar OK 23596B en 57ms – https://cdn.discordapp.com/avatars/1044774334113271828/e355de29e2de9a0eca93a33fe0551509.png?size=128
[2025-09-04T10:18:13.046Z] [Canvas] Imagen decodificada en 60ms
[2025-09-04T10:18:13.046Z] [Canvas] Imagen decodificada en 59ms
[2025-09-04T10:18:13.055Z] [Canvas] Avatar OK 19830B en 72ms – https://cdn.discordapp.com/avatars/832694285035372595/0df93f38e17b1db11473a25d84e94c7a.png?size=128
[2025-09-04T10:18:13.055Z] [Canvas] Imagen decodificada en 73ms
[2025-09-04T10:18:13.069Z] [Canvas] Avatar OK 10109B en 27ms – https://cdn.discordapp.com/emojis/1406723943787925546.png?size=64
[2025-09-04T10:18:13.071Z] [Canvas] Avatar OK 6868B en 25ms – https://cdn.discordapp.com/emojis/1406723933608083599.png?size=64
[2025-09-04T10:18:13.075Z] [Canvas] Avatar OK 9547B en 29ms – https://cdn.discordapp.com/emojis/1406723982887223416.png?size=64
[2025-09-04T10:18:13.090Z] [Canvas] Avatar OK 10668B en 35ms – https://cdn.discordapp.com/emojis/1406723955682705418.png?size=64
[2025-09-04T10:18:13.092Z] [Canvas] Avatar OK 33332B en 108ms – https://cdn.discordapp.com/avatars/755162605806420029/53e86de272f5f2c087ce769a98fb9c7b.png?size=128
[2025-09-04T10:18:13.093Z] [Canvas] Imagen decodificada en 109ms
[2025-09-04T10:18:13.122Z] [Canvas] Avatar OK 10668B en 29ms – https://cdn.discordapp.com/emojis/1406723955682705418.png?size=64
[2025-09-04T10:18:13.140Z] [Canvas] Card generado: ok=5 error=0 | encode=16ms | total=160ms
[2025-09-04T10:19:13.073Z] [Canvas] Iniciando generación de card (últimos 5 registrados)
[2025-09-04T10:19:13.125Z] [Canvas] Avatar OK 19830B en 49ms – https://cdn.discordapp.com/avatars/832694285035372595/0df93f38e17b1db11473a25d84e94c7a.png?size=128
[2025-09-04T10:19:13.125Z] [Canvas] Imagen decodificada en 50ms
[2025-09-04T10:19:13.131Z] [Canvas] Avatar OK 37976B en 55ms – https://cdn.discordapp.com/avatars/304790336587169795/6798afd271b4729ae4a16dadb17c6ad9.png?size=128
[2025-09-04T10:19:13.132Z] [Canvas] Imagen decodificada en 56ms
[2025-09-04T10:19:13.139Z] [Canvas] Avatar OK 34463B en 64ms – https://cdn.discordapp.com/avatars/335236507340111873/cc7255a390a6681efb9597a397fe05ab.png?size=128
[2025-09-04T10:19:13.140Z] [Canvas] Imagen decodificada en 65ms
[2025-09-04T10:19:13.141Z] [Canvas] Avatar OK 33332B en 65ms – https://cdn.discordapp.com/avatars/755162605806420029/53e86de272f5f2c087ce769a98fb9c7b.png?size=128
[2025-09-04T10:19:13.142Z] [Canvas] Avatar OK 23596B en 65ms – https://cdn.discordapp.com/avatars/1044774334113271828/e355de29e2de9a0eca93a33fe0551509.png?size=128
[2025-09-04T10:19:13.142Z] [Canvas] Imagen decodificada en 67ms
[2025-09-04T10:19:13.143Z] [Canvas] Imagen decodificada en 67ms
[2025-09-04T10:19:13.150Z] [Canvas] Avatar OK 10668B en 24ms – https://cdn.discordapp.com/emojis/1406723955682705418.png?size=64
[2025-09-04T10:19:13.165Z] [Canvas] Avatar OK 9547B en 32ms – https://cdn.discordapp.com/emojis/1406723982887223416.png?size=64
[2025-09-04T10:19:13.168Z] [Canvas] Avatar OK 10109B en 27ms – https://cdn.discordapp.com/emojis/1406723943787925546.png?size=64
[2025-09-04T10:19:13.169Z] [Canvas] Avatar OK 10668B en 27ms – https://cdn.discordapp.com/emojis/1406723955682705418.png?size=64
[2025-09-04T10:19:13.170Z] [Canvas] Avatar OK 6868B en 27ms – https://cdn.discordapp.com/emojis/1406723933608083599.png?size=64
[2025-09-04T10:19:13.188Z] [Canvas] Card generado: ok=5 error=0 | encode=15ms | total=115ms
[2025-09-04T10:20:13.008Z] [Canvas] Iniciando generación de card (últimos 5 registrados)
[2025-09-04T10:20:13.058Z] [Canvas] Avatar OK 33332B en 46ms – https://cdn.discordapp.com/avatars/755162605806420029/53e86de272f5f2c087ce769a98fb9c7b.png?size=128
[2025-09-04T10:20:13.059Z] [Canvas] Imagen decodificada en 48ms
[2025-09-04T10:20:13.068Z] [Canvas] Avatar OK 37976B en 55ms – https://cdn.discordapp.com/avatars/304790336587169795/6798afd271b4729ae4a16dadb17c6ad9.png?size=128
[2025-09-04T10:20:13.069Z] [Canvas] Imagen decodificada en 57ms
[2025-09-04T10:20:13.072Z] [Canvas] Avatar OK 34463B en 61ms – https://cdn.discordapp.com/avatars/335236507340111873/cc7255a390a6681efb9597a397fe05ab.png?size=128
[2025-09-04T10:20:13.072Z] [Canvas] Avatar OK 23596B en 58ms – https://cdn.discordapp.com/avatars/1044774334113271828/e355de29e2de9a0eca93a33fe0551509.png?size=128
[2025-09-04T10:20:13.073Z] [Canvas] Imagen decodificada en 64ms
[2025-09-04T10:20:13.073Z] [Canvas] Imagen decodificada en 60ms
[2025-09-04T10:20:13.084Z] [Canvas] Avatar OK 10668B en 24ms – https://cdn.discordapp.com/emojis/1406723955682705418.png?size=64
[2025-09-04T10:20:13.095Z] [Canvas] Avatar OK 9547B en 25ms – https://cdn.discordapp.com/emojis/1406723982887223416.png?size=64
[2025-09-04T10:20:13.100Z] [Canvas] Avatar OK 19830B en 89ms – https://cdn.discordapp.com/avatars/832694285035372595/0df93f38e17b1db11473a25d84e94c7a.png?size=128
[2025-09-04T10:20:13.100Z] [Canvas] Imagen decodificada en 90ms
[2025-09-04T10:20:13.102Z] [Canvas] Avatar OK 10109B en 29ms – https://cdn.discordapp.com/emojis/1406723943787925546.png?size=64
[2025-09-04T10:20:13.111Z] [Canvas] Avatar OK 6868B en 38ms – https://cdn.discordapp.com/emojis/1406723933608083599.png?size=64
[2025-09-04T10:20:13.135Z] [Canvas] Avatar OK 10668B en 35ms – https://cdn.discordapp.com/emojis/1406723955682705418.png?size=64
[2025-09-04T10:20:13.154Z] [Canvas] Card generado: ok=5 error=0 | encode=16ms | total=145ms
[2025-09-04T10:21:13.027Z] [Canvas] Iniciando generación de card (últimos 5 registrados)
[2025-09-04T10:21:13.083Z] [Canvas] Avatar OK 19830B en 53ms – https://cdn.discordapp.com/avatars/832694285035372595/0df93f38e17b1db11473a25d84e94c7a.png?size=128
[2025-09-04T10:21:13.084Z] [Canvas] Imagen decodificada en 54ms
[2025-09-04T10:21:13.085Z] [Canvas] Avatar OK 34463B en 56ms – https://cdn.discordapp.com/avatars/335236507340111873/cc7255a390a6681efb9597a397fe05ab.png?size=128
[2025-09-04T10:21:13.086Z] [Canvas] Imagen decodificada en 58ms
[2025-09-04T10:21:13.090Z] [Canvas] Avatar OK 37976B en 58ms – https://cdn.discordapp.com/avatars/304790336587169795/6798afd271b4729ae4a16dadb17c6ad9.png?size=128
[2025-09-04T10:21:13.090Z] [Canvas] Imagen decodificada en 59ms
[2025-09-04T10:21:13.092Z] [Canvas] Avatar OK 23596B en 60ms – https://cdn.discordapp.com/avatars/1044774334113271828/e355de29e2de9a0eca93a33fe0551509.png?size=128
[2025-09-04T10:21:13.093Z] [Canvas] Avatar OK 33332B en 62ms – https://cdn.discordapp.com/avatars/755162605806420029/53e86de272f5f2c087ce769a98fb9c7b.png?size=128
[2025-09-04T10:21:13.093Z] [Canvas] Imagen decodificada en 61ms
[2025-09-04T10:21:13.094Z] [Canvas] Imagen decodificada en 64ms
[2025-09-04T10:21:13.110Z] [Canvas] Avatar OK 10668B en 25ms – https://cdn.discordapp.com/emojis/1406723955682705418.png?size=64
[2025-09-04T10:21:13.115Z] [Canvas] Avatar OK 10109B en 29ms – https://cdn.discordapp.com/emojis/1406723943787925546.png?size=64
[2025-09-04T10:21:13.117Z] [Canvas] Avatar OK 9547B en 27ms – https://cdn.discordapp.com/emojis/1406723982887223416.png?size=64
[2025-09-04T10:21:13.121Z] [Canvas] Avatar OK 6868B en 27ms – https://cdn.discordapp.com/emojis/1406723933608083599.png?size=64
[2025-09-04T10:21:13.121Z] [Canvas] Avatar OK 10668B en 27ms – https://cdn.discordapp.com/emojis/1406723955682705418.png?size=64
[2025-09-04T10:21:13.139Z] [Canvas] Card generado: ok=5 error=0 | encode=15ms | total=111ms
[2025-09-04T10:22:12.970Z] [Canvas] Iniciando generación de card (últimos 5 registrados)
[2025-09-04T10:22:13.027Z] [Canvas] Avatar OK 34463B en 55ms – https://cdn.discordapp.com/avatars/335236507340111873/cc7255a390a6681efb9597a397fe05ab.png?size=128
[2025-09-04T10:22:13.028Z] [Canvas] Imagen decodificada en 57ms
[2025-09-04T10:22:13.030Z] [Canvas] Avatar OK 33332B en 57ms – https://cdn.discordapp.com/avatars/755162605806420029/53e86de272f5f2c087ce769a98fb9c7b.png?size=128
[2025-09-04T10:22:13.031Z] [Canvas] Imagen decodificada en 58ms
[2025-09-04T10:22:13.035Z] [Canvas] Avatar OK 37976B en 61ms – https://cdn.discordapp.com/avatars/304790336587169795/6798afd271b4729ae4a16dadb17c6ad9.png?size=128
[2025-09-04T10:22:13.036Z] [Canvas] Avatar OK 23596B en 63ms – https://cdn.discordapp.com/avatars/1044774334113271828/e355de29e2de9a0eca93a33fe0551509.png?size=128
[2025-09-04T10:22:13.037Z] [Canvas] Imagen decodificada en 63ms
[2025-09-04T10:22:13.037Z] [Canvas] Imagen decodificada en 64ms
[2025-09-04T10:22:13.040Z] [Canvas] Avatar OK 19830B en 68ms – https://cdn.discordapp.com/avatars/832694285035372595/0df93f38e17b1db11473a25d84e94c7a.png?size=128
[2025-09-04T10:22:13.041Z] [Canvas] Imagen decodificada en 69ms
[2025-09-04T10:22:13.056Z] [Canvas] Avatar OK 10109B en 28ms – https://cdn.discordapp.com/emojis/1406723943787925546.png?size=64
[2025-09-04T10:22:13.057Z] [Canvas] Avatar OK 10668B en 26ms – https://cdn.discordapp.com/emojis/1406723955682705418.png?size=64
[2025-09-04T10:22:13.064Z] [Canvas] Avatar OK 6868B en 26ms – https://cdn.discordapp.com/emojis/1406723933608083599.png?size=64
[2025-09-04T10:22:13.070Z] [Canvas] Avatar OK 10668B en 28ms – https://cdn.discordapp.com/emojis/1406723955682705418.png?size=64
[2025-09-04T10:22:13.072Z] [Canvas] Avatar OK 9547B en 35ms – https://cdn.discordapp.com/emojis/1406723982887223416.png?size=64
[2025-09-04T10:22:13.090Z] [Canvas] Card generado: ok=5 error=0 | encode=15ms | total=119ms
[2025-09-04T10:23:13.016Z] [Canvas] Iniciando generación de card (últimos 5 registrados)
[2025-09-04T10:23:13.074Z] [Canvas] Avatar OK 37976B en 53ms – https://cdn.discordapp.com/avatars/304790336587169795/6798afd271b4729ae4a16dadb17c6ad9.png?size=128
[2025-09-04T10:23:13.075Z] [Canvas] Avatar OK 19830B en 56ms – https://cdn.discordapp.com/avatars/832694285035372595/0df93f38e17b1db11473a25d84e94c7a.png?size=128
[2025-09-04T10:23:13.075Z] [Canvas] Imagen decodificada en 55ms
[2025-09-04T10:23:13.076Z] [Canvas] Imagen decodificada en 58ms
[2025-09-04T10:23:13.080Z] [Canvas] Avatar OK 34463B en 62ms – https://cdn.discordapp.com/avatars/335236507340111873/cc7255a390a6681efb9597a397fe05ab.png?size=128
[2025-09-04T10:23:13.080Z] [Canvas] Imagen decodificada en 64ms
[2025-09-04T10:23:13.081Z] [Canvas] Avatar OK 23596B en 59ms – https://cdn.discordapp.com/avatars/1044774334113271828/e355de29e2de9a0eca93a33fe0551509.png?size=128
[2025-09-04T10:23:13.081Z] [Canvas] Imagen decodificada en 60ms
[2025-09-04T10:23:13.097Z] [Canvas] Avatar OK 33332B en 78ms – https://cdn.discordapp.com/avatars/755162605806420029/53e86de272f5f2c087ce769a98fb9c7b.png?size=128
[2025-09-04T10:23:13.098Z] [Canvas] Imagen decodificada en 79ms
[2025-09-04T10:23:13.106Z] [Canvas] Avatar OK 10668B en 30ms – https://cdn.discordapp.com/emojis/1406723955682705418.png?size=64
[2025-09-04T10:23:13.114Z] [Canvas] Avatar OK 9547B en 39ms – https://cdn.discordapp.com/emojis/1406723982887223416.png?size=64
[2025-09-04T10:23:13.116Z] [Canvas] Avatar OK 10109B en 35ms – https://cdn.discordapp.com/emojis/1406723943787925546.png?size=64
[2025-09-04T10:23:13.119Z] [Canvas] Avatar OK 6868B en 37ms – https://cdn.discordapp.com/emojis/1406723933608083599.png?size=64
[2025-09-04T10:23:13.129Z] [Canvas] Avatar OK 10668B en 30ms – https://cdn.discordapp.com/emojis/1406723955682705418.png?size=64
[2025-09-04T10:23:13.146Z] [Canvas] Card generado: ok=5 error=0 | encode=16ms | total=131ms
[2025-09-04T10:24:13.278Z] [Canvas] Iniciando generación de card (últimos 5 registrados)
[2025-09-04T10:24:13.335Z] [Canvas] Avatar OK 33332B en 54ms – https://cdn.discordapp.com/avatars/755162605806420029/53e86de272f5f2c087ce769a98fb9c7b.png?size=128
[2025-09-04T10:24:13.336Z] [Canvas] Imagen decodificada en 55ms
[2025-09-04T10:24:13.340Z] [Canvas] Avatar OK 23596B en 57ms – https://cdn.discordapp.com/avatars/1044774334113271828/e355de29e2de9a0eca93a33fe0551509.png?size=128
[2025-09-04T10:24:13.341Z] [Canvas] Imagen decodificada en 58ms
[2025-09-04T10:24:13.343Z] [Canvas] Avatar OK 34463B en 63ms – https://cdn.discordapp.com/avatars/335236507340111873/cc7255a390a6681efb9597a397fe05ab.png?size=128
[2025-09-04T10:24:13.343Z] [Canvas] Imagen decodificada en 65ms
[2025-09-04T10:24:13.361Z] [Canvas] Avatar OK 37976B en 78ms – https://cdn.discordapp.com/avatars/304790336587169795/6798afd271b4729ae4a16dadb17c6ad9.png?size=128
[2025-09-04T10:24:13.361Z] [Canvas] Imagen decodificada en 79ms
[2025-09-04T10:24:13.362Z] [Canvas] Avatar OK 19830B en 78ms – https://cdn.discordapp.com/avatars/832694285035372595/0df93f38e17b1db11473a25d84e94c7a.png?size=128
[2025-09-04T10:24:13.363Z] [Canvas] Avatar OK 10668B en 27ms – https://cdn.discordapp.com/emojis/1406723955682705418.png?size=64
[2025-09-04T10:24:13.363Z] [Canvas] Imagen decodificada en 83ms
[2025-09-04T10:24:13.369Z] [Canvas] Avatar OK 10109B en 25ms – https://cdn.discordapp.com/emojis/1406723943787925546.png?size=64
[2025-09-04T10:24:13.377Z] [Canvas] Avatar OK 6868B en 35ms – https://cdn.discordapp.com/emojis/1406723933608083599.png?size=64
[2025-09-04T10:24:13.395Z] [Canvas] Avatar OK 9547B en 33ms – https://cdn.discordapp.com/emojis/1406723982887223416.png?size=64
[2025-09-04T10:24:13.395Z] [Canvas] Avatar OK 10668B en 32ms – https://cdn.discordapp.com/emojis/1406723955682705418.png?size=64
[2025-09-04T10:24:13.415Z] [Canvas] Card generado: ok=5 error=0 | encode=17ms | total=137ms
[2025-09-04T10:25:13.062Z] [Canvas] Iniciando generación de card (últimos 5 registrados)
[2025-09-04T10:25:13.121Z] [Canvas] Avatar OK 37976B en 55ms – https://cdn.discordapp.com/avatars/304790336587169795/6798afd271b4729ae4a16dadb17c6ad9.png?size=128
[2025-09-04T10:25:13.122Z] [Canvas] Imagen decodificada en 57ms
[2025-09-04T10:25:13.123Z] [Canvas] Avatar OK 34463B en 60ms – https://cdn.discordapp.com/avatars/335236507340111873/cc7255a390a6681efb9597a397fe05ab.png?size=128
[2025-09-04T10:25:13.124Z] [Canvas] Imagen decodificada en 61ms
[2025-09-04T10:25:13.129Z] [Canvas] Avatar OK 33332B en 64ms – https://cdn.discordapp.com/avatars/755162605806420029/53e86de272f5f2c087ce769a98fb9c7b.png?size=128
[2025-09-04T10:25:13.130Z] [Canvas] Avatar OK 23596B en 64ms – https://cdn.discordapp.com/avatars/1044774334113271828/e355de29e2de9a0eca93a33fe0551509.png?size=128
[2025-09-04T10:25:13.130Z] [Canvas] Imagen decodificada en 66ms
[2025-09-04T10:25:13.130Z] [Canvas] Imagen decodificada en 65ms
[2025-09-04T10:25:13.134Z] [Canvas] Avatar OK 19830B en 70ms – https://cdn.discordapp.com/avatars/832694285035372595/0df93f38e17b1db11473a25d84e94c7a.png?size=128
[2025-09-04T10:25:13.134Z] [Canvas] Imagen decodificada en 71ms
[2025-09-04T10:25:13.152Z] [Canvas] Avatar OK 9547B en 30ms – https://cdn.discordapp.com/emojis/1406723982887223416.png?size=64
[2025-09-04T10:25:13.158Z] [Canvas] Avatar OK 10668B en 28ms – https://cdn.discordapp.com/emojis/1406723955682705418.png?size=64
[2025-09-04T10:25:13.163Z] [Canvas] Avatar OK 10109B en 39ms – https://cdn.discordapp.com/emojis/1406723943787925546.png?size=64
[2025-09-04T10:25:13.169Z] [Canvas] Avatar OK 10668B en 35ms – https://cdn.discordapp.com/emojis/1406723955682705418.png?size=64
[2025-09-04T10:25:13.170Z] [Canvas] Avatar OK 6868B en 40ms – https://cdn.discordapp.com/emojis/1406723933608083599.png?size=64
[2025-09-04T10:25:13.189Z] [Canvas] Card generado: ok=5 error=0 | encode=16ms | total=127ms
[2025-09-04T10:26:13.093Z] [Canvas] Iniciando generación de card (últimos 5 registrados)
[2025-09-04T10:26:13.145Z] [Canvas] Avatar OK 23596B en 46ms – https://cdn.discordapp.com/avatars/1044774334113271828/e355de29e2de9a0eca93a33fe0551509.png?size=128
[2025-09-04T10:26:13.146Z] [Canvas] Imagen decodificada en 47ms
[2025-09-04T10:26:13.156Z] [Canvas] Avatar OK 37976B en 58ms – https://cdn.discordapp.com/avatars/304790336587169795/6798afd271b4729ae4a16dadb17c6ad9.png?size=128
[2025-09-04T10:26:13.156Z] [Canvas] Imagen decodificada en 59ms
[2025-09-04T10:26:13.159Z] [Canvas] Avatar OK 34463B en 64ms – https://cdn.discordapp.com/avatars/335236507340111873/cc7255a390a6681efb9597a397fe05ab.png?size=128
[2025-09-04T10:26:13.160Z] [Canvas] Imagen decodificada en 65ms
[2025-09-04T10:26:13.163Z] [Canvas] Avatar OK 33332B en 67ms – https://cdn.discordapp.com/avatars/755162605806420029/53e86de272f5f2c087ce769a98fb9c7b.png?size=128
[2025-09-04T10:26:13.164Z] [Canvas] Imagen decodificada en 68ms
[2025-09-04T10:26:13.176Z] [Canvas] Avatar OK 6868B en 30ms – https://cdn.discordapp.com/emojis/1406723933608083599.png?size=64
[2025-09-04T10:26:13.192Z] [Canvas] Avatar OK 10109B en 32ms – https://cdn.discordapp.com/emojis/1406723943787925546.png?size=64
[2025-09-04T10:26:13.193Z] [Canvas] Avatar OK 19830B en 98ms – https://cdn.discordapp.com/avatars/832694285035372595/0df93f38e17b1db11473a25d84e94c7a.png?size=128
[2025-09-04T10:26:13.194Z] [Canvas] Avatar OK 9547B en 37ms – https://cdn.discordapp.com/emojis/1406723982887223416.png?size=64
[2025-09-04T10:26:13.194Z] [Canvas] Imagen decodificada en 99ms
[2025-09-04T10:26:13.197Z] [Canvas] Avatar OK 10668B en 32ms – https://cdn.discordapp.com/emojis/1406723955682705418.png?size=64
[2025-09-04T10:26:13.244Z] [Canvas] Avatar OK 10668B en 48ms – https://cdn.discordapp.com/emojis/1406723955682705418.png?size=64
[2025-09-04T10:26:13.266Z] [Canvas] Card generado: ok=5 error=0 | encode=19ms | total=173ms
[2025-09-04T10:27:13.131Z] [Canvas] Iniciando generación de card (últimos 5 registrados)
[2025-09-04T10:27:13.183Z] [Canvas] Avatar OK 34463B en 50ms – https://cdn.discordapp.com/avatars/335236507340111873/cc7255a390a6681efb9597a397fe05ab.png?size=128
[2025-09-04T10:27:13.184Z] [Canvas] Imagen decodificada en 52ms
[2025-09-04T10:27:13.188Z] [Canvas] Avatar OK 33332B en 53ms – https://cdn.discordapp.com/avatars/755162605806420029/53e86de272f5f2c087ce769a98fb9c7b.png?size=128
[2025-09-04T10:27:13.190Z] [Canvas] Imagen decodificada en 55ms
[2025-09-04T10:27:13.190Z] [Canvas] Avatar OK 37976B en 54ms – https://cdn.discordapp.com/avatars/304790336587169795/6798afd271b4729ae4a16dadb17c6ad9.png?size=128
[2025-09-04T10:27:13.191Z] [Canvas] Imagen decodificada en 56ms
[2025-09-04T10:27:13.192Z] [Canvas] Avatar OK 19830B en 58ms – https://cdn.discordapp.com/avatars/832694285035372595/0df93f38e17b1db11473a25d84e94c7a.png?size=128
[2025-09-04T10:27:13.193Z] [Canvas] Imagen decodificada en 59ms
[2025-09-04T10:27:13.203Z] [Canvas] Avatar OK 23596B en 67ms – https://cdn.discordapp.com/avatars/1044774334113271828/e355de29e2de9a0eca93a33fe0551509.png?size=128
[2025-09-04T10:27:13.204Z] [Canvas] Imagen decodificada en 68ms
[2025-09-04T10:27:13.216Z] [Canvas] Avatar OK 10109B en 32ms – https://cdn.discordapp.com/emojis/1406723943787925546.png?size=64
[2025-09-04T10:27:13.217Z] [Canvas] Avatar OK 9547B en 25ms – https://cdn.discordapp.com/emojis/1406723982887223416.png?size=64
[2025-09-04T10:27:13.217Z] [Canvas] Avatar OK 10668B en 27ms – https://cdn.discordapp.com/emojis/1406723955682705418.png?size=64
[2025-09-04T10:27:13.220Z] [Canvas] Avatar OK 10668B en 27ms – https://cdn.discordapp.com/emojis/1406723955682705418.png?size=64
[2025-09-04T10:27:13.244Z] [Canvas] Avatar OK 6868B en 39ms – https://cdn.discordapp.com/emojis/1406723933608083599.png?size=64
[2025-09-04T10:27:13.261Z] [Canvas] Card generado: ok=5 error=0 | encode=15ms | total=130ms
[2025-09-04T10:28:13.114Z] [Canvas] Iniciando generación de card (últimos 5 registrados)
[2025-09-04T10:28:13.169Z] [Canvas] Avatar OK 37976B en 52ms – https://cdn.discordapp.com/avatars/304790336587169795/6798afd271b4729ae4a16dadb17c6ad9.png?size=128
[2025-09-04T10:28:13.170Z] [Canvas] Avatar OK 33332B en 54ms – https://cdn.discordapp.com/avatars/755162605806420029/53e86de272f5f2c087ce769a98fb9c7b.png?size=128
[2025-09-04T10:28:13.171Z] [Canvas] Imagen decodificada en 54ms
[2025-09-04T10:28:13.171Z] [Canvas] Imagen decodificada en 55ms
[2025-09-04T10:28:13.178Z] [Canvas] Avatar OK 23596B en 60ms – https://cdn.discordapp.com/avatars/1044774334113271828/e355de29e2de9a0eca93a33fe0551509.png?size=128
[2025-09-04T10:28:13.179Z] [Canvas] Imagen decodificada en 61ms
[2025-09-04T10:28:13.181Z] [Canvas] Avatar OK 34463B en 66ms – https://cdn.discordapp.com/avatars/335236507340111873/cc7255a390a6681efb9597a397fe05ab.png?size=128
[2025-09-04T10:28:13.182Z] [Canvas] Imagen decodificada en 67ms
[2025-09-04T10:28:13.191Z] [Canvas] Avatar OK 19830B en 75ms – https://cdn.discordapp.com/avatars/832694285035372595/0df93f38e17b1db11473a25d84e94c7a.png?size=128
[2025-09-04T10:28:13.192Z] [Canvas] Imagen decodificada en 76ms
[2025-09-04T10:28:13.194Z] [Canvas] Avatar OK 10668B en 22ms – https://cdn.discordapp.com/emojis/1406723955682705418.png?size=64
[2025-09-04T10:28:13.198Z] [Canvas] Avatar OK 9547B en 27ms – https://cdn.discordapp.com/emojis/1406723982887223416.png?size=64
[2025-09-04T10:28:13.210Z] [Canvas] Avatar OK 6868B en 31ms – https://cdn.discordapp.com/emojis/1406723933608083599.png?size=64
[2025-09-04T10:28:13.211Z] [Canvas] Avatar OK 10109B en 28ms – https://cdn.discordapp.com/emojis/1406723943787925546.png?size=64
[2025-09-04T10:28:13.223Z] [Canvas] Avatar OK 10668B en 30ms – https://cdn.discordapp.com/emojis/1406723955682705418.png?size=64
[2025-09-04T10:28:13.241Z] [Canvas] Card generado: ok=5 error=0 | encode=16ms | total=127ms
[2025-09-04T10:29:13.139Z] [Canvas] Iniciando generación de card (últimos 5 registrados)
[2025-09-04T10:29:13.193Z] [Canvas] Avatar OK 33332B en 51ms – https://cdn.discordapp.com/avatars/755162605806420029/53e86de272f5f2c087ce769a98fb9c7b.png?size=128
[2025-09-04T10:29:13.194Z] [Canvas] Imagen decodificada en 52ms
[2025-09-04T10:29:13.195Z] [Canvas] Avatar OK 19830B en 54ms – https://cdn.discordapp.com/avatars/832694285035372595/0df93f38e17b1db11473a25d84e94c7a.png?size=128
[2025-09-04T10:29:13.196Z] [Canvas] Imagen decodificada en 56ms
[2025-09-04T10:29:13.202Z] [Canvas] Avatar OK 34463B en 62ms – https://cdn.discordapp.com/avatars/335236507340111873/cc7255a390a6681efb9597a397fe05ab.png?size=128
[2025-09-04T10:29:13.202Z] [Canvas] Imagen decodificada en 63ms
[2025-09-04T10:29:13.204Z] [Canvas] Avatar OK 37976B en 60ms – https://cdn.discordapp.com/avatars/304790336587169795/6798afd271b4729ae4a16dadb17c6ad9.png?size=128
[2025-09-04T10:29:13.205Z] [Canvas] Imagen decodificada en 62ms
[2025-09-04T10:29:13.209Z] [Canvas] Avatar OK 23596B en 64ms – https://cdn.discordapp.com/avatars/1044774334113271828/e355de29e2de9a0eca93a33fe0551509.png?size=128
[2025-09-04T10:29:13.210Z] [Canvas] Imagen decodificada en 65ms
[2025-09-04T10:29:13.221Z] [Canvas] Avatar OK 10668B en 26ms – https://cdn.discordapp.com/emojis/1406723955682705418.png?size=64
[2025-09-04T10:29:13.222Z] [Canvas] Avatar OK 10668B en 26ms – https://cdn.discordapp.com/emojis/1406723955682705418.png?size=64
[2025-09-04T10:29:13.234Z] [Canvas] Avatar OK 9547B en 28ms – https://cdn.discordapp.com/emojis/1406723982887223416.png?size=64
[2025-09-04T10:29:13.238Z] [Canvas] Avatar OK 10109B en 35ms – https://cdn.discordapp.com/emojis/1406723943787925546.png?size=64
[2025-09-04T10:29:13.242Z] [Canvas] Avatar OK 6868B en 32ms – https://cdn.discordapp.com/emojis/1406723933608083599.png?size=64
[2025-09-04T10:29:13.259Z] [Canvas] Card generado: ok=5 error=0 | encode=15ms | total=121ms
[2025-09-04T10:30:13.138Z] [Canvas] Iniciando generación de card (últimos 5 registrados)
[2025-09-04T10:30:13.197Z] [Canvas] Avatar OK 37976B en 54ms – https://cdn.discordapp.com/avatars/304790336587169795/6798afd271b4729ae4a16dadb17c6ad9.png?size=128
[2025-09-04T10:30:13.198Z] [Canvas] Imagen decodificada en 56ms
[2025-09-04T10:30:13.200Z] [Canvas] Avatar OK 34463B en 61ms – https://cdn.discordapp.com/avatars/335236507340111873/cc7255a390a6681efb9597a397fe05ab.png?size=128
[2025-09-04T10:30:13.201Z] [Canvas] Avatar OK 33332B en 60ms – https://cdn.discordapp.com/avatars/755162605806420029/53e86de272f5f2c087ce769a98fb9c7b.png?size=128
[2025-09-04T10:30:13.202Z] [Canvas] Avatar OK 19830B en 62ms – https://cdn.discordapp.com/avatars/832694285035372595/0df93f38e17b1db11473a25d84e94c7a.png?size=128
[2025-09-04T10:30:13.202Z] [Canvas] Imagen decodificada en 63ms
[2025-09-04T10:30:13.203Z] [Canvas] Imagen decodificada en 62ms
[2025-09-04T10:30:13.204Z] [Canvas] Imagen decodificada en 64ms
[2025-09-04T10:30:13.205Z] [Canvas] Avatar OK 23596B en 62ms – https://cdn.discordapp.com/avatars/1044774334113271828/e355de29e2de9a0eca93a33fe0551509.png?size=128
[2025-09-04T10:30:13.205Z] [Canvas] Imagen decodificada en 63ms
[2025-09-04T10:30:13.224Z] [Canvas] Avatar OK 9547B en 26ms – https://cdn.discordapp.com/emojis/1406723982887223416.png?size=64
[2025-09-04T10:30:13.234Z] [Canvas] Avatar OK 10109B en 31ms – https://cdn.discordapp.com/emojis/1406723943787925546.png?size=64
[2025-09-04T10:30:13.241Z] [Canvas] Avatar OK 6868B en 35ms – https://cdn.discordapp.com/emojis/1406723933608083599.png?size=64
[2025-09-04T10:30:13.246Z] [Canvas] Avatar OK 10668B en 42ms – https://cdn.discordapp.com/emojis/1406723955682705418.png?size=64
[2025-09-04T10:30:13.261Z] [Canvas] Avatar OK 10668B en 58ms – https://cdn.discordapp.com/emojis/1406723955682705418.png?size=64
[2025-09-04T10:30:13.279Z] [Canvas] Card generado: ok=5 error=0 | encode=16ms | total=141ms
[2025-09-04T10:31:49.135Z] [Canvas] Iniciando generación de card (últimos 5 registrados)
[2025-09-04T10:31:49.209Z] [Canvas] Avatar OK 34463B en 68ms – https://cdn.discordapp.com/avatars/335236507340111873/cc7255a390a6681efb9597a397fe05ab.png?size=128
[2025-09-04T10:31:49.210Z] [Canvas] Imagen decodificada en 73ms
[2025-09-04T10:31:49.215Z] [Canvas] Avatar OK 37976B en 70ms – https://cdn.discordapp.com/avatars/304790336587169795/6798afd271b4729ae4a16dadb17c6ad9.png?size=128
[2025-09-04T10:31:49.217Z] [Canvas] Avatar OK 23596B en 70ms – https://cdn.discordapp.com/avatars/1044774334113271828/e355de29e2de9a0eca93a33fe0551509.png?size=128
[2025-09-04T10:31:49.217Z] [Canvas] Imagen decodificada en 73ms
[2025-09-04T10:31:49.219Z] [Canvas] Avatar OK 33332B en 75ms – https://cdn.discordapp.com/avatars/755162605806420029/53e86de272f5f2c087ce769a98fb9c7b.png?size=128
[2025-09-04T10:31:49.219Z] [Canvas] Imagen decodificada en 74ms
[2025-09-04T10:31:49.220Z] [Canvas] Imagen decodificada en 78ms
[2025-09-04T10:31:49.239Z] [Canvas] Avatar OK 19830B en 96ms – https://cdn.discordapp.com/avatars/832694285035372595/0df93f38e17b1db11473a25d84e94c7a.png?size=128
[2025-09-04T10:31:49.240Z] [Canvas] Avatar OK 10109B en 30ms – https://cdn.discordapp.com/emojis/1406723943787925546.png?size=64
[2025-09-04T10:31:49.240Z] [Canvas] Imagen decodificada en 99ms
[2025-09-04T10:31:49.248Z] [Canvas] Avatar OK 9547B en 31ms – https://cdn.discordapp.com/emojis/1406723982887223416.png?size=64
[2025-09-04T10:31:49.250Z] [Canvas] Avatar OK 6868B en 30ms – https://cdn.discordapp.com/emojis/1406723933608083599.png?size=64
[2025-09-04T10:31:49.253Z] [Canvas] Avatar OK 10668B en 31ms – https://cdn.discordapp.com/emojis/1406723955682705418.png?size=64
[2025-09-04T10:31:49.271Z] [Canvas] Avatar OK 10668B en 30ms – https://cdn.discordapp.com/emojis/1406723955682705418.png?size=64
[2025-09-04T10:31:49.292Z] [Canvas] Card generado: ok=5 error=0 | encode=16ms | total=157ms
[2025-09-04T10:32:48.291Z] [Canvas] Iniciando generación de card (últimos 5 registrados)
[2025-09-04T10:32:48.347Z] [Canvas] Avatar OK 34463B en 54ms – https://cdn.discordapp.com/avatars/335236507340111873/cc7255a390a6681efb9597a397fe05ab.png?size=128
[2025-09-04T10:32:48.348Z] [Canvas] Imagen decodificada en 56ms
[2025-09-04T10:32:48.353Z] [Canvas] Avatar OK 23596B en 58ms – https://cdn.discordapp.com/avatars/1044774334113271828/e355de29e2de9a0eca93a33fe0551509.png?size=128
[2025-09-04T10:32:48.354Z] [Canvas] Imagen decodificada en 60ms
[2025-09-04T10:32:48.357Z] [Canvas] Avatar OK 37976B en 60ms – https://cdn.discordapp.com/avatars/304790336587169795/6798afd271b4729ae4a16dadb17c6ad9.png?size=128
[2025-09-04T10:32:48.358Z] [Canvas] Avatar OK 19830B en 64ms – https://cdn.discordapp.com/avatars/832694285035372595/0df93f38e17b1db11473a25d84e94c7a.png?size=128
[2025-09-04T10:32:48.358Z] [Canvas] Imagen decodificada en 64ms
[2025-09-04T10:32:48.359Z] [Canvas] Imagen decodificada en 65ms
[2025-09-04T10:32:48.364Z] [Canvas] Avatar OK 33332B en 69ms – https://cdn.discordapp.com/avatars/755162605806420029/53e86de272f5f2c087ce769a98fb9c7b.png?size=128
[2025-09-04T10:32:48.365Z] [Canvas] Imagen decodificada en 71ms
[2025-09-04T10:32:48.375Z] [Canvas] Avatar OK 10109B en 26ms – https://cdn.discordapp.com/emojis/1406723943787925546.png?size=64
[2025-09-04T10:32:48.381Z] [Canvas] Avatar OK 6868B en 26ms – https://cdn.discordapp.com/emojis/1406723933608083599.png?size=64
[2025-09-04T10:32:48.389Z] [Canvas] Avatar OK 10668B en 30ms – https://cdn.discordapp.com/emojis/1406723955682705418.png?size=64
[2025-09-04T10:32:48.395Z] [Canvas] Avatar OK 9547B en 36ms – https://cdn.discordapp.com/emojis/1406723982887223416.png?size=64
[2025-09-04T10:32:48.396Z] [Canvas] Avatar OK 10668B en 30ms – https://cdn.discordapp.com/emojis/1406723955682705418.png?size=64
[2025-09-04T10:32:48.413Z] [Canvas] Card generado: ok=5 error=0 | encode=15ms | total=122ms
[2025-09-04T10:33:48.344Z] [Canvas] Iniciando generación de card (últimos 5 registrados)
[2025-09-04T10:33:48.400Z] [Canvas] Avatar OK 23596B en 49ms – https://cdn.discordapp.com/avatars/1044774334113271828/e355de29e2de9a0eca93a33fe0551509.png?size=128
[2025-09-04T10:33:48.400Z] [Canvas] Imagen decodificada en 51ms
[2025-09-04T10:33:48.401Z] [Canvas] Avatar OK 19830B en 54ms – https://cdn.discordapp.com/avatars/832694285035372595/0df93f38e17b1db11473a25d84e94c7a.png?size=128
[2025-09-04T10:33:48.403Z] [Canvas] Imagen decodificada en 56ms
[2025-09-04T10:33:48.406Z] [Canvas] Avatar OK 33332B en 56ms – https://cdn.discordapp.com/avatars/755162605806420029/53e86de272f5f2c087ce769a98fb9c7b.png?size=128
[2025-09-04T10:33:48.406Z] [Canvas] Imagen decodificada en 59ms
[2025-09-04T10:33:48.413Z] [Canvas] Avatar OK 37976B en 62ms – https://cdn.discordapp.com/avatars/304790336587169795/6798afd271b4729ae4a16dadb17c6ad9.png?size=128
[2025-09-04T10:33:48.414Z] [Canvas] Imagen decodificada en 65ms
[2025-09-04T10:33:48.419Z] [Canvas] Avatar OK 34463B en 70ms – https://cdn.discordapp.com/avatars/335236507340111873/cc7255a390a6681efb9597a397fe05ab.png?size=128
[2025-09-04T10:33:48.420Z] [Canvas] Imagen decodificada en 74ms
[2025-09-04T10:33:48.428Z] [Canvas] Avatar OK 6868B en 27ms – https://cdn.discordapp.com/emojis/1406723933608083599.png?size=64
[2025-09-04T10:33:48.434Z] [Canvas] Avatar OK 10668B en 27ms – https://cdn.discordapp.com/emojis/1406723955682705418.png?size=64
[2025-09-04T10:33:48.437Z] [Canvas] Avatar OK 10668B en 34ms – https://cdn.discordapp.com/emojis/1406723955682705418.png?size=64
[2025-09-04T10:33:48.442Z] [Canvas] Avatar OK 9547B en 27ms – https://cdn.discordapp.com/emojis/1406723982887223416.png?size=64
[2025-09-04T10:33:48.458Z] [Canvas] Avatar OK 10109B en 37ms – https://cdn.discordapp.com/emojis/1406723943787925546.png?size=64
[2025-09-04T10:33:48.482Z] [Canvas] Card generado: ok=5 error=0 | encode=20ms | total=138ms
[2025-09-04T10:34:48.527Z] [Canvas] Iniciando generación de card (últimos 5 registrados)
[2025-09-04T10:34:48.585Z] [Canvas] Avatar OK 37976B en 53ms – https://cdn.discordapp.com/avatars/304790336587169795/6798afd271b4729ae4a16dadb17c6ad9.png?size=128
[2025-09-04T10:34:48.587Z] [Canvas] Avatar OK 23596B en 54ms – https://cdn.discordapp.com/avatars/1044774334113271828/e355de29e2de9a0eca93a33fe0551509.png?size=128
[2025-09-04T10:34:48.587Z] [Canvas] Imagen decodificada en 56ms
[2025-09-04T10:34:48.589Z] [Canvas] Avatar OK 34463B en 60ms – https://cdn.discordapp.com/avatars/335236507340111873/cc7255a390a6681efb9597a397fe05ab.png?size=128
[2025-09-04T10:34:48.590Z] [Canvas] Imagen decodificada en 57ms
[2025-09-04T10:34:48.590Z] [Canvas] Imagen decodificada en 62ms
[2025-09-04T10:34:48.592Z] [Canvas] Avatar OK 19830B en 62ms – https://cdn.discordapp.com/avatars/832694285035372595/0df93f38e17b1db11473a25d84e94c7a.png?size=128
[2025-09-04T10:34:48.593Z] [Canvas] Avatar OK 33332B en 62ms – https://cdn.discordapp.com/avatars/755162605806420029/53e86de272f5f2c087ce769a98fb9c7b.png?size=128
[2025-09-04T10:34:48.593Z] [Canvas] Imagen decodificada en 64ms
[2025-09-04T10:34:48.594Z] [Canvas] Imagen decodificada en 64ms
[2025-09-04T10:34:48.614Z] [Canvas] Avatar OK 9547B en 26ms – https://cdn.discordapp.com/emojis/1406723982887223416.png?size=64
[2025-09-04T10:34:48.617Z] [Canvas] Avatar OK 10109B en 26ms – https://cdn.discordapp.com/emojis/1406723943787925546.png?size=64
[2025-09-04T10:34:48.621Z] [Canvas] Avatar OK 6868B en 31ms – https://cdn.discordapp.com/emojis/1406723933608083599.png?size=64
[2025-09-04T10:34:48.622Z] [Canvas] Avatar OK 10668B en 28ms – https://cdn.discordapp.com/emojis/1406723955682705418.png?size=64
[2025-09-04T10:34:48.624Z] [Canvas] Avatar OK 10668B en 29ms – https://cdn.discordapp.com/emojis/1406723955682705418.png?size=64
[2025-09-04T10:34:48.641Z] [Canvas] Card generado: ok=5 error=0 | encode=15ms | total=114ms
[2025-09-04T10:35:48.302Z] [Canvas] Iniciando generación de card (últimos 5 registrados)
[2025-09-04T10:35:48.364Z] [Canvas] Avatar OK 37976B en 58ms – https://cdn.discordapp.com/avatars/304790336587169795/6798afd271b4729ae4a16dadb17c6ad9.png?size=128
[2025-09-04T10:35:48.365Z] [Canvas] Imagen decodificada en 60ms
[2025-09-04T10:35:48.372Z] [Canvas] Avatar OK 33332B en 67ms – https://cdn.discordapp.com/avatars/755162605806420029/53e86de272f5f2c087ce769a98fb9c7b.png?size=128
[2025-09-04T10:35:48.373Z] [Canvas] Avatar OK 34463B en 69ms – https://cdn.discordapp.com/avatars/335236507340111873/cc7255a390a6681efb9597a397fe05ab.png?size=128
[2025-09-04T10:35:48.373Z] [Canvas] Imagen decodificada en 69ms
[2025-09-04T10:35:48.373Z] [Canvas] Imagen decodificada en 70ms
[2025-09-04T10:35:48.377Z] [Canvas] Avatar OK 23596B en 72ms – https://cdn.discordapp.com/avatars/1044774334113271828/e355de29e2de9a0eca93a33fe0551509.png?size=128
[2025-09-04T10:35:48.378Z] [Canvas] Imagen decodificada en 73ms
[2025-09-04T10:35:48.400Z] [Canvas] Avatar OK 9547B en 35ms – https://cdn.discordapp.com/emojis/1406723982887223416.png?size=64
[2025-09-04T10:35:48.404Z] [Canvas] Avatar OK 19830B en 99ms – https://cdn.discordapp.com/avatars/832694285035372595/0df93f38e17b1db11473a25d84e94c7a.png?size=128
[2025-09-04T10:35:48.404Z] [Canvas] Imagen decodificada en 100ms
[2025-09-04T10:35:48.405Z] [Canvas] Avatar OK 10668B en 31ms – https://cdn.discordapp.com/emojis/1406723955682705418.png?size=64
[2025-09-04T10:35:48.407Z] [Canvas] Avatar OK 10109B en 33ms – https://cdn.discordapp.com/emojis/1406723943787925546.png?size=64
[2025-09-04T10:35:48.413Z] [Canvas] Avatar OK 6868B en 35ms – https://cdn.discordapp.com/emojis/1406723933608083599.png?size=64
[2025-09-04T10:35:48.433Z] [Canvas] Avatar OK 10668B en 29ms – https://cdn.discordapp.com/emojis/1406723955682705418.png?size=64
[2025-09-04T10:35:48.451Z] [Canvas] Card generado: ok=5 error=0 | encode=15ms | total=149ms
